###############################################################
#  Generated by:      Cadence Innovus 20.10-p004_1
#  OS:                Linux x86_64(Host ID ictc-eda-be-9-ldap-1)
#  Generated on:      Tue Sep  9 23:36:39 2025
#  Design:            croc_chip
#  Command:           verify_connectivity -type regular
###############################################################
Verify Connectivity Report is created on Tue Sep  9 23:36:39 2025




Multi-CPU acceleration using 2 CPU


Use pthread

Net i_croc_soc/i_croc/i_timer/FE_RN_6, Pin Pin: i_croc_soc/i_croc/i_timer/clockman_RO581XYP/A; Direction: INPUT; Use: SIGNAL;: has an unconnected terminal at (662.020, 1045.185) (662.790, 1045.650)
Net i_croc_soc/i_croc/i_timer/FE_RN_6: has regular routing with opens at (663.840, 1040.290) (665.630, 1042.920)
Net i_croc_soc/i_croc/i_timer/FE_RN_6: dangling Wire at (664.150, 1041.855) (664.150, 1041.855) on layer: Metal1
Net i_croc_soc/i_croc/i_timer/FE_RN_8, Pin Pin: i_croc_soc/i_croc/i_timer/backintime_RO842VXY/X; Direction: OUTPUT; Use: SIGNAL;: has an unconnected terminal at (663.410, 1041.760) (663.710, 1042.920)
Net i_croc_soc/i_croc/i_timer/FE_RN_8: has regular routing with opens at (662.880, 1036.800) (665.760, 1042.355)
Net i_croc_soc/i_croc/i_timer/FE_RN_8: dangling Wire at (665.595, 1042.355) (665.595, 1042.355) on layer: Metal1
Net i_croc_soc/i_croc/i_gpio/FE_PSN1_i_reg_file_reg2hw_1, Pin Pin: i_croc_soc/i_croc/i_gpio/ictc_postRoute_setup_FE_PSC1_i_reg_file_reg2hw_1/X; Direction: OUTPUT; Use: SIGNAL;: has an unconnected terminal at (484.370, 1134.840) (484.670, 1136.000)
Net i_croc_soc/i_croc/i_gpio/FE_PSN1_i_reg_file_reg2hw_1: has regular routing with opens at (465.430, 1139.460) (472.800, 1147.650)
Net i_croc_soc/i_croc/i_gpio/FE_PSN1_i_reg_file_reg2hw_1: dangling Wire at (472.800, 1139.910) (472.800, 1139.910) on layer: Metal2
Net i_croc_soc/i_croc/i_core_wrap/FE_PSN3_FE_OCPN5938_i_ibex_id_stage_i_controller_i_ctrl_fsm_cs_2____NOT__A_Y, Pin Pin: i_croc_soc/i_croc/i_core_wrap/ictc_postRoute_setup_FE_PSC3_FE_OCPN5938_i_ibex_id_stage_i_controller_i_ctrl_fsm_cs_2____NOT__A_Y/X; Direction: OUTPUT; Use: SIGNAL;: has an unconnected terminal at (1253.330, 1261.000) (1253.630, 1262.160)
Net i_croc_soc/i_croc/i_core_wrap/FE_PSN3_FE_OCPN5938_i_ibex_id_stage_i_controller_i_ctrl_fsm_cs_2____NOT__A_Y: has regular routing with opens at (1247.665, 1237.820) (1251.170, 1260.240)
Net i_croc_soc/i_croc/i_core_wrap/FE_PSN3_FE_OCPN5938_i_ibex_id_stage_i_controller_i_ctrl_fsm_cs_2____NOT__A_Y: dangling Wire at (1249.920, 1260.240) (1249.920, 1260.240) on layer: Metal2
Net i_croc_soc/i_croc/i_core_wrap/i_ibex_cs_registers_i/FE_PSN5_i_ibex_id_stage_i_controller_i_priv_mode_i_0, Pin Pin: i_croc_soc/i_croc/i_core_wrap/i_ibex_cs_registers_i/ictc_postRoute_setup_FE_PSC5_i_ibex_id_stage_i_controller_i_priv_mode_i_0/X; Direction: OUTPUT; Use: SIGNAL;: has an unconnected terminal at (1209.170, 1313.920) (1209.470, 1315.080)
Net i_croc_soc/i_croc/i_core_wrap/i_ibex_cs_registers_i/FE_PSN5_i_ibex_id_stage_i_controller_i_priv_mode_i_0: has regular routing with opens at (1207.680, 1312.740) (1216.300, 1313.990)
Net i_croc_soc/i_croc/i_core_wrap/i_ibex_cs_registers_i/FE_PSN5_i_ibex_id_stage_i_controller_i_priv_mode_i_0: dangling Wire at (1207.680, 1312.740) (1207.680, 1312.740) on layer: Metal2
Net i_croc_soc/i_croc/i_gpio/i_reg_file_reg2hw_134_, Pin Pin: i_croc_soc/i_croc/i_gpio/i_reg_file_reg2hw_134__reg/Q; Direction: OUTPUT; Use: SIGNAL;: has an unconnected terminal at (794.150, 1158.925) (794.680, 1159.185)
Net i_croc_soc/i_croc/i_gpio/i_reg_file_reg2hw_134_: has regular routing with opens at (767.520, 1136.195) (792.960, 1159.050)
Net i_croc_soc/i_croc/i_gpio/i_reg_file_reg2hw_134_: dangling Wire at (792.960, 1157.760) (792.960, 1157.760) on layer: Metal1
Net i_croc_soc/i_croc/i_gpio/i_reg_file_reg2hw_141_, Pin Pin: i_croc_soc/i_croc/i_gpio/ictc_postRoute_setup_FE_PSC6_i_reg_file_reg2hw_141/A; Direction: INPUT; Use: SIGNAL;: has an unconnected terminal at (769.540, 1135.905) (770.310, 1136.370)
Net i_croc_soc/i_croc/i_gpio/i_reg_file_reg2hw_141_: has regular routing with opens at (767.335, 1134.860) (772.545, 1137.375)
Net i_croc_soc/i_croc/i_gpio/i_reg_file_reg2hw_141_: dangling Wire at (769.920, 1135.710) (769.920, 1135.710) on layer: Metal2
Net i_croc_soc/i_croc/i_timer/FE_RN_5, Pin Pin: i_croc_soc/i_croc/i_timer/clockman_RO571XYP/X; Direction: OUTPUT; Use: SIGNAL;: has an unconnected terminal at (662.450, 1036.560) (662.750, 1037.720)
Net i_croc_soc/i_croc/i_timer/FE_RN_5: has regular routing with opens at (663.940, 1039.140) (665.365, 1041.855)
Net i_croc_soc/i_croc/i_timer/FE_RN_5: dangling Wire at (665.365, 1039.140) (665.365, 1039.140) on layer: Metal1
Net i_croc_soc/i_croc/i_timer/FE_RN_7, Pin Pin: i_croc_soc/i_croc/i_timer/backintime_RO842VXY/A; Direction: INPUT; Use: SIGNAL;: has an unconnected terminal at (662.020, 1041.390) (662.790, 1041.855)
Net i_croc_soc/i_croc/i_timer/FE_RN_7, Pin Pin: i_croc_soc/i_croc/i_timer/clockman_RO581XYP/X; Direction: OUTPUT; Use: SIGNAL;: has an unconnected terminal at (663.410, 1044.120) (663.710, 1045.280)
Net i_croc_soc/i_croc/i_timer/FE_RN_7: has regular routing with opens at (664.150, 1040.580) (665.385, 1041.485)
Net i_croc_soc/i_croc/i_timer/FE_RN_7: dangling Wire at (665.385, 1040.580) (665.385, 1040.580) on layer: Metal1
Net i_croc_soc/i_croc/i_timer/FE_RN_7: dangling Wire at (664.150, 1041.485) (664.150, 1041.485) on layer: Metal1
Net i_croc_soc/i_croc/i_core_wrap/FE_PSN0_FE_OFN2081_0525, Pin Pin: i_croc_soc/i_croc/i_core_wrap/ictc_postRoute_setup_FE_PSC0_FE_OFN2081_0525/X; Direction: OUTPUT; Use: SIGNAL;: has an unconnected terminal at (1125.170, 1132.480) (1125.470, 1133.640)
Net i_croc_soc/i_croc/i_core_wrap/FE_PSN0_FE_OFN2081_0525: has regular routing with opens at (1098.820, 1132.110) (1123.680, 1133.400)
Net i_croc_soc/i_croc/i_core_wrap/FE_PSN0_FE_OFN2081_0525: dangling Wire at (1123.680, 1132.980) (1123.680, 1132.980) on layer: Metal4
Net i_croc_soc/i_croc/i_core_wrap/FE_PSN2_0493, Pin Pin: i_croc_soc/i_croc/i_core_wrap/ictc_postRoute_setup_FE_PSC2_0493/X; Direction: OUTPUT; Use: SIGNAL;: has an unconnected terminal at (1221.170, 1230.760) (1221.470, 1231.920)
Net i_croc_soc/i_croc/i_core_wrap/FE_PSN2_0493: has regular routing with opens at (1220.215, 1228.740) (1227.550, 1245.950)
Net i_croc_soc/i_croc/i_core_wrap/FE_PSN2_0493: dangling Wire at (1221.600, 1228.740) (1221.600, 1228.740) on layer: Metal3
Net i_croc_soc/i_croc/i_gpio/FE_PSN4_i_reg_file_reg2hw_106, Pin Pin: i_croc_soc/i_croc/i_gpio/ictc_postRoute_setup_FE_PSC4_i_reg_file_reg2hw_106/X; Direction: OUTPUT; Use: SIGNAL;: has an unconnected terminal at (601.010, 1170.280) (601.310, 1171.440)
Net i_croc_soc/i_croc/i_gpio/FE_PSN4_i_reg_file_reg2hw_106: has regular routing with opens at (599.520, 1165.110) (638.790, 1166.610)
Net i_croc_soc/i_croc/i_gpio/FE_PSN4_i_reg_file_reg2hw_106: dangling Wire at (599.520, 1165.320) (599.520, 1165.320) on layer: Metal3
Net i_croc_soc/i_croc/i_gpio/FE_PSN6_i_reg_file_reg2hw_141, Pin Pin: i_croc_soc/i_croc/i_gpio/ictc_postRoute_setup_FE_PSC6_i_reg_file_reg2hw_141/X; Direction: OUTPUT; Use: SIGNAL;: has an unconnected terminal at (770.930, 1134.840) (771.230, 1136.000)
Net i_croc_soc/i_croc/i_gpio/FE_PSN6_i_reg_file_reg2hw_141: has regular routing with opens at (768.570, 1135.710) (769.920, 1140.135)
Net i_croc_soc/i_croc/i_gpio/FE_PSN6_i_reg_file_reg2hw_141: dangling Wire at (769.920, 1135.710) (769.920, 1135.710) on layer: Metal2
Net i_croc_soc/i_croc/i_gpio/i_reg_file_reg2hw_106_, Pin Pin: i_croc_soc/i_croc/i_gpio/ictc_postRoute_setup_FE_PSC4_i_reg_file_reg2hw_106/A; Direction: INPUT; Use: SIGNAL;: has an unconnected terminal at (599.620, 1169.910) (600.390, 1170.375)
Net i_croc_soc/i_croc/i_gpio/i_reg_file_reg2hw_106_: has regular routing with opens at (478.445, 1161.245) (599.520, 1165.320)
Net i_croc_soc/i_croc/i_gpio/i_reg_file_reg2hw_106_: dangling Wire at (599.520, 1165.320) (599.520, 1165.320) on layer: Metal3
Net i_croc_soc/i_croc/i_gpio/i_reg_file_reg2hw_1_, Pin Pin: i_croc_soc/i_croc/i_gpio/ictc_postRoute_setup_FE_PSC1_i_reg_file_reg2hw_1/A; Direction: INPUT; Use: SIGNAL;: has an unconnected terminal at (482.980, 1135.905) (483.750, 1136.370)
Net i_croc_soc/i_croc/i_gpio/i_reg_file_reg2hw_1_: has regular routing with opens at (472.800, 1131.005) (486.720, 1140.120)
Net i_croc_soc/i_croc/i_gpio/i_reg_file_reg2hw_1_: dangling Wire at (472.800, 1139.910) (472.800, 1139.910) on layer: Metal2
Net i_croc_soc/i_croc/i_timer/_0799_, Pin Pin: i_croc_soc/i_croc/i_timer/ictc_preCTS_FE_OFC749_0799/A; Direction: INPUT; Use: SIGNAL;: has an unconnected terminal at (668.730, 1041.390) (669.500, 1041.855)
Net i_croc_soc/i_croc/i_timer/_0799_: has regular routing with opens at (668.640, 1036.610) (676.625, 1041.840)
Net i_croc_soc/i_croc/i_timer/_0799_: dangling Wire at (668.640, 1041.840) (668.640, 1041.840) on layer: Metal1
Net i_croc_soc/i_croc/i_timer/_0999_, Pin Pin: i_croc_soc/i_croc/i_timer/clockman_RO571XYP/A; Direction: INPUT; Use: SIGNAL;: has an unconnected terminal at (661.060, 1037.625) (661.830, 1038.090)
Net i_croc_soc/i_croc/i_timer/_0999_: has regular routing with opens at (614.960, 1032.900) (669.240, 1051.500)
Net i_croc_soc/i_croc/i_timer/_0999_: dangling Wire at (664.320, 1038.060) (664.320, 1038.060) on layer: Metal1
Net i_croc_soc/i_croc/i_timer/FE_OFN8992_FE_OFN878_0794, Pin Pin: i_croc_soc/i_croc/i_timer/ictc_postCTS_setupFE_OFC12105_FE_OFN878_0794/X; Direction: OUTPUT; Use: SIGNAL;: has an unconnected terminal at (665.890, 1041.760) (666.190, 1042.920)
Net i_croc_soc/i_croc/i_timer/FE_OFN8992_FE_OFN878_0794: has regular routing with opens at (606.155, 1007.400) (664.920, 1083.450)
Net i_croc_soc/i_croc/i_timer/FE_OFN8992_FE_OFN878_0794: dangling Wire at (664.700, 1042.260) (664.700, 1042.260) on layer: Metal1
Net i_croc_soc/i_croc/i_timer/FE_OFN882_0799, Pin Pin: i_croc_soc/i_croc/i_timer/ictc_preCTS_FE_OFC749_0799/X; Direction: OUTPUT; Use: SIGNAL;: has an unconnected terminal at (667.810, 1041.760) (668.110, 1042.920)
Net i_croc_soc/i_croc/i_timer/FE_OFN882_0799: has regular routing with opens at (583.770, 1005.720) (668.640, 1053.210)
Net i_croc_soc/i_croc/i_timer/FE_OFN882_0799: dangling Wire at (667.400, 1042.680) (667.400, 1042.680) on layer: Metal1
Net i_croc_soc/i_croc/i_timer/FE_OFN878_0794, Pin Pin: i_croc_soc/i_croc/i_timer/ictc_postCTS_setupFE_OFC12105_FE_OFN878_0794/A; Direction: INPUT; Use: SIGNAL;: has an unconnected terminal at (666.810, 1041.390) (667.580, 1041.855)
Net i_croc_soc/i_croc/i_timer/FE_OFN878_0794: has regular routing with opens at (666.020, 1040.290) (684.760, 1117.410)
Net i_croc_soc/i_croc/i_timer/FE_OFN878_0794: dangling Wire at (666.020, 1041.840) (666.020, 1041.840) on layer: Metal1
Net i_croc_soc/i_croc/i_gpio/FE_RN_3479_0, Pin Pin: i_croc_soc/i_croc/i_gpio/ictc_preCTS_FE_RC_6175_0/A; Direction: INPUT; Use: SIGNAL;: has an unconnected terminal at (478.315, 1166.280) (479.145, 1166.530)
Net i_croc_soc/i_croc/i_gpio/FE_RN_3479_0: has regular routing with opens at (480.000, 1165.495) (489.810, 1167.540)
Net i_croc_soc/i_croc/i_gpio/FE_RN_3479_0: dangling Wire at (480.000, 1166.580) (480.000, 1166.580) on layer: Metal1
Net i_croc_soc/i_croc/i_gpio/FE_RN_3478_0, Pin Pin: i_croc_soc/i_croc/i_gpio/ictc_preCTS_FE_RC_6175_0/B; Direction: INPUT; Use: SIGNAL;: has an unconnected terminal at (479.810, 1166.340) (480.140, 1166.870)
Net i_croc_soc/i_croc/i_gpio/FE_RN_3478_0: has regular routing with opens at (432.800, 1047.870) (478.320, 1166.580)
Net i_croc_soc/i_croc/i_gpio/FE_RN_3478_0: dangling Wire at (478.320, 1166.580) (478.320, 1166.580) on layer: Metal1
Net i_croc_soc/i_croc/i_core_wrap/i_ibex_id_stage_i_controller_i_instr_i_4_, Pin Pin: i_croc_soc/i_croc/i_core_wrap/i_ibex_id_stage_i_controller_i_instr_i_4__reg/Q; Direction: OUTPUT; Use: SIGNAL;: has an unconnected terminal at (1227.110, 882.495) (1227.640, 882.755)
Net i_croc_soc/i_croc/i_core_wrap/i_ibex_id_stage_i_controller_i_instr_i_4_: has regular routing with opens at (1208.525, 883.920) (1225.920, 909.650)
Net i_croc_soc/i_croc/i_core_wrap/i_ibex_id_stage_i_controller_i_instr_i_4_: dangling Wire at (1225.920, 883.920) (1225.920, 883.920) on layer: Metal1
Net i_croc_soc/i_croc/i_core_wrap/CTS_16, Pin Pin: i_croc_soc/i_croc/i_core_wrap/i_ibex_id_stage_i_controller_i_instr_i_4__reg/CLK; Direction: INPUT; Use: SIGNAL;: has an unconnected terminal at (1220.680, 882.315) (1220.910, 882.850)
Net i_croc_soc/i_croc/i_core_wrap/CTS_16: has regular routing with opens at (1190.045, 794.690) (1257.120, 887.280)
Net i_croc_soc/i_croc/i_core_wrap/CTS_16: dangling Wire at (1216.320, 882.660) (1216.320, 882.660) on layer: Metal1
Net i_croc_soc/i_croc/i_core_wrap/i_ibex_id_stage_i_controller_i_priv_mode_i_0_, Pin Pin: i_croc_soc/i_croc/i_core_wrap/i_ibex_cs_registers_i/ictc_postRoute_setup_FE_PSC5_i_ibex_id_stage_i_controller_i_priv_mode_i_0/A; Direction: INPUT; Use: SIGNAL;: has an unconnected terminal at (1207.780, 1313.550) (1208.550, 1314.015)
Net i_croc_soc/i_croc/i_core_wrap/i_ibex_id_stage_i_controller_i_priv_mode_i_0_: has regular routing with opens at (1201.770, 1287.105) (1207.680, 1315.000)
Net i_croc_soc/i_croc/i_core_wrap/i_ibex_id_stage_i_controller_i_priv_mode_i_0_: dangling Wire at (1207.680, 1312.740) (1207.680, 1312.740) on layer: Metal2
Net i_croc_soc/i_croc/i_core_wrap/i_ibex_id_stage_i_decoder_i_csr_op_0__$_MUX__Y_S_$_OR__Y_B_$_OR__Y_A_$_OR__Y_A, Pin Pin: i_croc_soc/i_croc/i_core_wrap/i_ibex_id_stage_i_controller_i_instr_i_4__reg/Q_N; Direction: OUTPUT; Use: SIGNAL;: has an unconnected terminal at (1225.315, 881.970) (1225.850, 882.590)
Net i_croc_soc/i_croc/i_core_wrap/i_ibex_id_stage_i_decoder_i_csr_op_0__$_MUX__Y_S_$_OR__Y_B_$_OR__Y_A_$_OR__Y_A: has regular routing with opens at (1190.200, 883.920) (1224.000, 894.580)
Net i_croc_soc/i_croc/i_core_wrap/i_ibex_id_stage_i_decoder_i_csr_op_0__$_MUX__Y_S_$_OR__Y_B_$_OR__Y_A_$_OR__Y_A: dangling Wire at (1224.000, 883.920) (1224.000, 883.920) on layer: Metal1
Net i_croc_soc/i_croc/i_core_wrap/FE_OFN2081_0525, Pin Pin: i_croc_soc/i_croc/i_core_wrap/ictc_postRoute_setup_FE_PSC0_FE_OFN2081_0525/A; Direction: INPUT; Use: SIGNAL;: has an unconnected terminal at (1123.780, 1132.110) (1124.550, 1132.575)
Net i_croc_soc/i_croc/i_core_wrap/FE_OFN2081_0525: has regular routing with opens at (1085.655, 882.420) (1221.720, 1141.220)
Net i_croc_soc/i_croc/i_core_wrap/FE_OFN2081_0525: dangling Wire at (1123.680, 1132.980) (1123.680, 1132.980) on layer: Metal4
Net i_croc_soc/i_croc/i_core_wrap/_0493_, Pin Pin: i_croc_soc/i_croc/i_core_wrap/ictc_postRoute_setup_FE_PSC2_0493/A; Direction: INPUT; Use: SIGNAL;: has an unconnected terminal at (1219.780, 1230.390) (1220.550, 1230.855)
Net i_croc_soc/i_croc/i_core_wrap/_0493_: has regular routing with opens at (1206.950, 1215.055) (1221.600, 1228.740)
Net i_croc_soc/i_croc/i_core_wrap/_0493_: dangling Wire at (1221.600, 1228.740) (1221.600, 1228.740) on layer: Metal3
Net i_croc_soc/i_croc/i_core_wrap/FE_OCPN5938_i_ibex_id_stage_i_controller_i_ctrl_fsm_cs_2____NOT__A_Y, Pin Pin: i_croc_soc/i_croc/i_core_wrap/ictc_postRoute_setup_FE_PSC3_FE_OCPN5938_i_ibex_id_stage_i_controller_i_ctrl_fsm_cs_2____NOT__A_Y/A; Direction: INPUT; Use: SIGNAL;: has an unconnected terminal at (1251.940, 1260.630) (1252.710, 1261.095)
Net i_croc_soc/i_croc/i_core_wrap/FE_OCPN5938_i_ibex_id_stage_i_controller_i_ctrl_fsm_cs_2____NOT__A_Y: has regular routing with opens at (1244.005, 1258.980) (1273.065, 1268.440)
Net i_croc_soc/i_croc/CTS_64, Pin Pin: i_croc_soc/i_croc/i_gpio/i_reg_file_reg2hw_134__reg/CLK; Direction: INPUT; Use: SIGNAL;: has an unconnected terminal at (787.720, 1158.830) (787.950, 1159.365)
Net i_croc_soc/i_croc/CTS_64: has regular routing with opens at (478.490, 381.600) (1258.560, 1159.440)
Net i_croc_soc/i_croc/CTS_64: dangling Wire at (783.360, 1159.020) (783.360, 1159.020) on layer: Metal1

Begin Summary
    31 Problem(s) (IMPVFC-96): Terminal(s) are not connected.
    30 Problem(s) (IMPVFC-92): Pieces of the net are not connected together.
    30 Problem(s) (IMPVFC-94): The net has dangling wire(s).
    91 total info(s) created.
End Summary
