Usage: (14.2%H 26.5%V) = (1.421e+06um 1.101e+06um) = (375882 291349)
Overflow: 7424 = 244 (0.15% H) + 7179 (4.47% V)

Congestion distribution:

Remain	cntH		cntV
--------------------------------------
 -5:	31	 0.02%	94	 0.06%
 -4:	12	 0.01%	162	 0.10%
 -3:	19	 0.01%	400	 0.25%
 -2:	29	 0.02%	1562	 0.97%
 -1:	72	 0.04%	3733	 2.32%
--------------------------------------
  0:	195	 0.12%	9626	 5.99%
  1:	916	 0.57%	13788	 8.58%
  2:	1444	 0.89%	14950	 9.30%
  3:	1210	 0.75%	13695	 8.52%
  4:	2170	 1.34%	10348	 6.44%
  5:	155626	96.23%	92374	57.47%
[hotspot] +------------+---------------+---------------+
[hotspot] |            |   max hotspot | total hotspot |
[hotspot] +------------+---------------+---------------+
[hotspot] | normalized |        132.46 |        305.57 |
[hotspot] +------------+---------------+---------------+
Local HotSpot Analysis: normalized max congestion hotspot area = 132.46, normalized total congestion hotspot area = 305.57 (area is in unit of 4 std-cell row bins)
[hotspot] top 5 congestion hotspot bounding boxes and scores of normalized hotspot
[hotspot] +-----+-------------------------------------+---------------+
[hotspot] | top |            hotspot bbox             | hotspot score |
[hotspot] +-----+-------------------------------------+---------------+
[hotspot] |  1  |   514.32   423.60   695.76   726.00 |      131.34   |
[hotspot] +-----+-------------------------------------+---------------+
[hotspot] |  2  |  1391.28   514.32  1482.00   695.76 |       47.28   |
[hotspot] +-----+-------------------------------------+---------------+
[hotspot] |  3  |  1270.32   846.96  1330.80   907.44 |       13.31   |
[hotspot] +-----+-------------------------------------+---------------+
[hotspot] |  4  |  1330.80  1088.88  1391.28  1149.36 |        6.89   |
[hotspot] +-----+-------------------------------------+---------------+
[hotspot] |  5  |  1058.64  1179.60  1119.12  1240.08 |        5.51   |
[hotspot] +-----+-------------------------------------+---------------+
