
Cadence Innovus(TM) Implementation System.
Copyright 2020 Cadence Design Systems, Inc. All rights reserved worldwide.

Version:	v20.10-p004_1, built Thu May 7 20:02:41 PDT 2020
Options:	-log ./log/PD1_20251105_124636.log 
Date:		Wed Nov  5 12:46:37 2025
Host:		ictc-eda-be-9-ldap-1 (x86_64 w/Linux 5.14.0-570.39.1.el9_6.x86_64) (32cores*32cpus*QEMU Virtual CPU version 2.5+ 512KB)
OS:		Rocky Linux release 9.6 (Blue Onyx)

License:
		invs	Innovus Implementation System	20.1	checkout succeeded
		8 CPU jobs allowed with the current license(s). Use setMultiCpuUsage to set your required CPU count.
**WARN: (IMPOPT-801):	Genus executable not found in PATH. Install Genus, add the path to the genus executable in the PATH variable and rerun Innovus.
Change the soft stacksize limit to 0.2%RAM (159 mbytes). Set global soft_stack_size_limit to change the value.

**INFO:  MMMC transition support version v31-84 

<CMD> set_global _enable_mmmc_by_default_flow      $CTE::mmmc_default
<CMD> suppressMessage ENCEXT-2799
<CMD> win
<CMD> is_common_ui_mode
<CMD> restoreDesign /ictc/student_data/vantruong/final_pj/fn_prj_here/flowspd/pd1/06done15.dat croc_chip
#% Begin load design ... (date=11/05 12:47:11, mem=682.8M)
Set Default Input Pin Transition as 0.1 ps.
Loading design 'croc_chip' saved by 'Innovus' '20.10-p004_1' on 'Mon Sep 15 22:05:02 2025'.
% Begin Load MMMC data ... (date=11/05 12:47:11, mem=684.8M)
% End Load MMMC data ... (date=11/05 12:47:11, total cpu=0:00:00.0, real=0:00:00.0, peak res=685.3M, current mem=685.3M)
default_rc_corner

Loading LEF file /ictc/student_data/vantruong/final_pj/fn_prj_here/flowspd/pd1/06done15.dat/libs/lef/sg13g2_tech.lef ...

Loading LEF file /ictc/student_data/vantruong/final_pj/fn_prj_here/flowspd/pd1/06done15.dat/libs/lef/sg13g2_stdcell_weltap.lef ...
Set DBUPerIGU to M1 pitch 480.

Loading LEF file /ictc/student_data/vantruong/final_pj/fn_prj_here/flowspd/pd1/06done15.dat/libs/lef/RM_IHPSG13_1P_2048x64_c2_bm_bist.lef ...

Loading LEF file /ictc/student_data/vantruong/final_pj/fn_prj_here/flowspd/pd1/06done15.dat/libs/lef/RM_IHPSG13_1P_4096x8_c3_bm_bist.lef ...

Loading LEF file /ictc/student_data/vantruong/final_pj/fn_prj_here/flowspd/pd1/06done15.dat/libs/lef/RM_IHPSG13_1P_4096x16_c3_bm_bist.lef ...

Loading LEF file /ictc/student_data/vantruong/final_pj/fn_prj_here/flowspd/pd1/06done15.dat/libs/lef/RM_IHPSG13_1P_64x64_c2_bm_bist.lef ...

Loading LEF file /ictc/student_data/vantruong/final_pj/fn_prj_here/flowspd/pd1/06done15.dat/libs/lef/RM_IHPSG13_1P_1024x16_c2_bm_bist.lef ...

Loading LEF file /ictc/student_data/vantruong/final_pj/fn_prj_here/flowspd/pd1/06done15.dat/libs/lef/RM_IHPSG13_1P_256x48_c2_bm_bist.lef ...

Loading LEF file /ictc/student_data/vantruong/final_pj/fn_prj_here/flowspd/pd1/06done15.dat/libs/lef/RM_IHPSG13_1P_1024x64_c2_bm_bist.lef ...

Loading LEF file /ictc/student_data/vantruong/final_pj/fn_prj_here/flowspd/pd1/06done15.dat/libs/lef/RM_IHPSG13_1P_1024x8_c2_bm_bist.lef ...

Loading LEF file /ictc/student_data/vantruong/final_pj/fn_prj_here/flowspd/pd1/06done15.dat/libs/lef/RM_IHPSG13_1P_256x64_c2_bm_bist.lef ...

Loading LEF file /ictc/student_data/vantruong/final_pj/fn_prj_here/flowspd/pd1/06done15.dat/libs/lef/RM_IHPSG13_1P_512x64_c2_bm_bist.lef ...

Loading LEF file /ictc/student_data/vantruong/final_pj/fn_prj_here/flowspd/pd1/06done15.dat/libs/lef/sg13g2_io_notracks.lef ...

Loading LEF file /ictc/student_data/vantruong/final_pj/fn_prj_here/flowspd/pd1/06done15.dat/libs/lef/sg13g2_io.lef ...
**WARN: (IMPLF-58):	MACRO 'sg13g2_Corner' has been found in the database. Its content except DENSITY and PIN ANTENNA* data, and certain properties, will be ignored.
Review the LEF files specified in the init_lef_file variable and remove redundant definitions.
Type 'man IMPLF-58' for more detail.
**WARN: (IMPLF-58):	MACRO 'sg13g2_Filler200' has been found in the database. Its content except DENSITY and PIN ANTENNA* data, and certain properties, will be ignored.
Review the LEF files specified in the init_lef_file variable and remove redundant definitions.
Type 'man IMPLF-58' for more detail.
**WARN: (IMPLF-58):	MACRO 'sg13g2_Filler400' has been found in the database. Its content except DENSITY and PIN ANTENNA* data, and certain properties, will be ignored.
Review the LEF files specified in the init_lef_file variable and remove redundant definitions.
Type 'man IMPLF-58' for more detail.
**WARN: (IMPLF-58):	MACRO 'sg13g2_Filler1000' has been found in the database. Its content except DENSITY and PIN ANTENNA* data, and certain properties, will be ignored.
Review the LEF files specified in the init_lef_file variable and remove redundant definitions.
Type 'man IMPLF-58' for more detail.
**WARN: (IMPLF-58):	MACRO 'sg13g2_Filler2000' has been found in the database. Its content except DENSITY and PIN ANTENNA* data, and certain properties, will be ignored.
Review the LEF files specified in the init_lef_file variable and remove redundant definitions.
Type 'man IMPLF-58' for more detail.
**WARN: (IMPLF-58):	MACRO 'sg13g2_Filler4000' has been found in the database. Its content except DENSITY and PIN ANTENNA* data, and certain properties, will be ignored.
Review the LEF files specified in the init_lef_file variable and remove redundant definitions.
Type 'man IMPLF-58' for more detail.
**WARN: (IMPLF-58):	MACRO 'sg13g2_Filler10000' has been found in the database. Its content except DENSITY and PIN ANTENNA* data, and certain properties, will be ignored.
Review the LEF files specified in the init_lef_file variable and remove redundant definitions.
Type 'man IMPLF-58' for more detail.
**WARN: (IMPLF-58):	MACRO 'sg13g2_IOPadIn' has been found in the database. Its content except DENSITY and PIN ANTENNA* data, and certain properties, will be ignored.
Review the LEF files specified in the init_lef_file variable and remove redundant definitions.
Type 'man IMPLF-58' for more detail.
**WARN: (IMPLF-58):	MACRO 'sg13g2_IOPadOut4mA' has been found in the database. Its content except DENSITY and PIN ANTENNA* data, and certain properties, will be ignored.
Review the LEF files specified in the init_lef_file variable and remove redundant definitions.
Type 'man IMPLF-58' for more detail.
**WARN: (IMPLF-58):	MACRO 'sg13g2_IOPadOut16mA' has been found in the database. Its content except DENSITY and PIN ANTENNA* data, and certain properties, will be ignored.
Review the LEF files specified in the init_lef_file variable and remove redundant definitions.
Type 'man IMPLF-58' for more detail.
**WARN: (IMPLF-58):	MACRO 'sg13g2_IOPadOut30mA' has been found in the database. Its content except DENSITY and PIN ANTENNA* data, and certain properties, will be ignored.
Review the LEF files specified in the init_lef_file variable and remove redundant definitions.
Type 'man IMPLF-58' for more detail.
**WARN: (IMPLF-58):	MACRO 'sg13g2_IOPadTriOut4mA' has been found in the database. Its content except DENSITY and PIN ANTENNA* data, and certain properties, will be ignored.
Review the LEF files specified in the init_lef_file variable and remove redundant definitions.
Type 'man IMPLF-58' for more detail.
**WARN: (IMPLF-58):	MACRO 'sg13g2_IOPadTriOut16mA' has been found in the database. Its content except DENSITY and PIN ANTENNA* data, and certain properties, will be ignored.
Review the LEF files specified in the init_lef_file variable and remove redundant definitions.
Type 'man IMPLF-58' for more detail.
**WARN: (IMPLF-58):	MACRO 'sg13g2_IOPadTriOut30mA' has been found in the database. Its content except DENSITY and PIN ANTENNA* data, and certain properties, will be ignored.
Review the LEF files specified in the init_lef_file variable and remove redundant definitions.
Type 'man IMPLF-58' for more detail.
**WARN: (IMPLF-58):	MACRO 'sg13g2_IOPadInOut4mA' has been found in the database. Its content except DENSITY and PIN ANTENNA* data, and certain properties, will be ignored.
Review the LEF files specified in the init_lef_file variable and remove redundant definitions.
Type 'man IMPLF-58' for more detail.
**WARN: (IMPLF-58):	MACRO 'sg13g2_IOPadInOut16mA' has been found in the database. Its content except DENSITY and PIN ANTENNA* data, and certain properties, will be ignored.
Review the LEF files specified in the init_lef_file variable and remove redundant definitions.
Type 'man IMPLF-58' for more detail.
**WARN: (IMPLF-58):	MACRO 'sg13g2_IOPadInOut30mA' has been found in the database. Its content except DENSITY and PIN ANTENNA* data, and certain properties, will be ignored.
Review the LEF files specified in the init_lef_file variable and remove redundant definitions.
Type 'man IMPLF-58' for more detail.
**WARN: (IMPLF-58):	MACRO 'sg13g2_IOPadAnalog' has been found in the database. Its content except DENSITY and PIN ANTENNA* data, and certain properties, will be ignored.
Review the LEF files specified in the init_lef_file variable and remove redundant definitions.
Type 'man IMPLF-58' for more detail.
**WARN: (IMPLF-58):	MACRO 'sg13g2_IOPadIOVss' has been found in the database. Its content except DENSITY and PIN ANTENNA* data, and certain properties, will be ignored.
Review the LEF files specified in the init_lef_file variable and remove redundant definitions.
Type 'man IMPLF-58' for more detail.
**WARN: (IMPLF-58):	MACRO 'sg13g2_IOPadIOVdd' has been found in the database. Its content except DENSITY and PIN ANTENNA* data, and certain properties, will be ignored.
Review the LEF files specified in the init_lef_file variable and remove redundant definitions.
Type 'man IMPLF-58' for more detail.
**WARN: (EMS-27):	Message (IMPLF-58) has exceeded the current message display limit of 20.
To increase the message display limit, refer to the product command reference manual.

Loading LEF file /ictc/student_data/vantruong/final_pj/fn_prj_here/flowspd/pd1/06done15.dat/libs/lef/bondpad_70x70.lef ...
**WARN: (IMPLF-61):	22 duplicated MACRO definitions have been found in the LEF file(s). Their content except DENSITY and PIN ANTENNA* data, and certain properties, have been ignored.
Review the LEF files specified in the init_lef_file variable and remove redundant definitions.
Type 'man IMPLF-61' for more detail.
**WARN: (IMPLF-201):	Pin 'pad' in macro 'sg13g2_IOPadAnalog' has no ANTENNADIFFAREA value defined. The library data is incomplete and some process antenna rules will not be checked correctly.
Type 'man IMPLF-201' for more detail.
**WARN: (IMPLF-200):	Pin 'pad' in macro 'sg13g2_IOPadAnalog' has no ANTENNAGATEAREA value defined. The library data is incomplete and some process antenna rules will not be checked correctly.
Type 'man IMPLF-200' for more detail.
**WARN: (IMPLF-201):	Pin 'padres' in macro 'sg13g2_IOPadAnalog' has no ANTENNADIFFAREA value defined. The library data is incomplete and some process antenna rules will not be checked correctly.
Type 'man IMPLF-201' for more detail.
**WARN: (IMPLF-200):	Pin 'padres' in macro 'sg13g2_IOPadAnalog' has no ANTENNAGATEAREA value defined. The library data is incomplete and some process antenna rules will not be checked correctly.
Type 'man IMPLF-200' for more detail.
**WARN: (IMPLF-200):	Pin 'c2p' in macro 'sg13g2_IOPadInOut30mA' has no ANTENNAGATEAREA value defined. The library data is incomplete and some process antenna rules will not be checked correctly.
Type 'man IMPLF-200' for more detail.
**WARN: (IMPLF-200):	Pin 'c2p_en' in macro 'sg13g2_IOPadInOut30mA' has no ANTENNAGATEAREA value defined. The library data is incomplete and some process antenna rules will not be checked correctly.
Type 'man IMPLF-200' for more detail.
**WARN: (IMPLF-201):	Pin 'p2c' in macro 'sg13g2_IOPadInOut30mA' has no ANTENNADIFFAREA value defined. The library data is incomplete and some process antenna rules will not be checked correctly.
Type 'man IMPLF-201' for more detail.
**WARN: (IMPLF-201):	Pin 'pad' in macro 'sg13g2_IOPadInOut30mA' has no ANTENNADIFFAREA value defined. The library data is incomplete and some process antenna rules will not be checked correctly.
Type 'man IMPLF-201' for more detail.
**WARN: (IMPLF-200):	Pin 'pad' in macro 'sg13g2_IOPadInOut30mA' has no ANTENNAGATEAREA value defined. The library data is incomplete and some process antenna rules will not be checked correctly.
Type 'man IMPLF-200' for more detail.
**WARN: (IMPLF-200):	Pin 'c2p' in macro 'sg13g2_IOPadInOut16mA' has no ANTENNAGATEAREA value defined. The library data is incomplete and some process antenna rules will not be checked correctly.
Type 'man IMPLF-200' for more detail.
**WARN: (IMPLF-200):	Pin 'c2p_en' in macro 'sg13g2_IOPadInOut16mA' has no ANTENNAGATEAREA value defined. The library data is incomplete and some process antenna rules will not be checked correctly.
Type 'man IMPLF-200' for more detail.
**WARN: (IMPLF-201):	Pin 'p2c' in macro 'sg13g2_IOPadInOut16mA' has no ANTENNADIFFAREA value defined. The library data is incomplete and some process antenna rules will not be checked correctly.
Type 'man IMPLF-201' for more detail.
**WARN: (IMPLF-201):	Pin 'pad' in macro 'sg13g2_IOPadInOut16mA' has no ANTENNADIFFAREA value defined. The library data is incomplete and some process antenna rules will not be checked correctly.
Type 'man IMPLF-201' for more detail.
**WARN: (IMPLF-200):	Pin 'pad' in macro 'sg13g2_IOPadInOut16mA' has no ANTENNAGATEAREA value defined. The library data is incomplete and some process antenna rules will not be checked correctly.
Type 'man IMPLF-200' for more detail.
**WARN: (IMPLF-200):	Pin 'c2p' in macro 'sg13g2_IOPadInOut4mA' has no ANTENNAGATEAREA value defined. The library data is incomplete and some process antenna rules will not be checked correctly.
Type 'man IMPLF-200' for more detail.
**WARN: (IMPLF-200):	Pin 'c2p_en' in macro 'sg13g2_IOPadInOut4mA' has no ANTENNAGATEAREA value defined. The library data is incomplete and some process antenna rules will not be checked correctly.
Type 'man IMPLF-200' for more detail.
**WARN: (IMPLF-201):	Pin 'p2c' in macro 'sg13g2_IOPadInOut4mA' has no ANTENNADIFFAREA value defined. The library data is incomplete and some process antenna rules will not be checked correctly.
Type 'man IMPLF-201' for more detail.
**WARN: (IMPLF-201):	Pin 'pad' in macro 'sg13g2_IOPadInOut4mA' has no ANTENNADIFFAREA value defined. The library data is incomplete and some process antenna rules will not be checked correctly.
Type 'man IMPLF-201' for more detail.
**WARN: (IMPLF-200):	Pin 'pad' in macro 'sg13g2_IOPadInOut4mA' has no ANTENNAGATEAREA value defined. The library data is incomplete and some process antenna rules will not be checked correctly.
Type 'man IMPLF-200' for more detail.
**WARN: (IMPLF-200):	Pin 'c2p' in macro 'sg13g2_IOPadTriOut30mA' has no ANTENNAGATEAREA value defined. The library data is incomplete and some process antenna rules will not be checked correctly.
Type 'man IMPLF-200' for more detail.
**WARN: (IMPLF-200):	Pin 'c2p_en' in macro 'sg13g2_IOPadTriOut30mA' has no ANTENNAGATEAREA value defined. The library data is incomplete and some process antenna rules will not be checked correctly.
Type 'man IMPLF-200' for more detail.
**WARN: (IMPLF-201):	Pin 'pad' in macro 'sg13g2_IOPadTriOut30mA' has no ANTENNADIFFAREA value defined. The library data is incomplete and some process antenna rules will not be checked correctly.
Type 'man IMPLF-201' for more detail.
**WARN: (IMPLF-200):	Pin 'pad' in macro 'sg13g2_IOPadTriOut30mA' has no ANTENNAGATEAREA value defined. The library data is incomplete and some process antenna rules will not be checked correctly.
Type 'man IMPLF-200' for more detail.
**WARN: (IMPLF-200):	Pin 'c2p' in macro 'sg13g2_IOPadTriOut16mA' has no ANTENNAGATEAREA value defined. The library data is incomplete and some process antenna rules will not be checked correctly.
Type 'man IMPLF-200' for more detail.
**WARN: (IMPLF-200):	Pin 'c2p_en' in macro 'sg13g2_IOPadTriOut16mA' has no ANTENNAGATEAREA value defined. The library data is incomplete and some process antenna rules will not be checked correctly.
Type 'man IMPLF-200' for more detail.
**WARN: (IMPLF-201):	Pin 'pad' in macro 'sg13g2_IOPadTriOut16mA' has no ANTENNADIFFAREA value defined. The library data is incomplete and some process antenna rules will not be checked correctly.
Type 'man IMPLF-201' for more detail.
**WARN: (IMPLF-200):	Pin 'pad' in macro 'sg13g2_IOPadTriOut16mA' has no ANTENNAGATEAREA value defined. The library data is incomplete and some process antenna rules will not be checked correctly.
Type 'man IMPLF-200' for more detail.
**WARN: (IMPLF-200):	Pin 'c2p' in macro 'sg13g2_IOPadTriOut4mA' has no ANTENNAGATEAREA value defined. The library data is incomplete and some process antenna rules will not be checked correctly.
Type 'man IMPLF-200' for more detail.
**WARN: (IMPLF-200):	Pin 'c2p_en' in macro 'sg13g2_IOPadTriOut4mA' has no ANTENNAGATEAREA value defined. The library data is incomplete and some process antenna rules will not be checked correctly.
Type 'man IMPLF-200' for more detail.
**WARN: (IMPLF-201):	Pin 'pad' in macro 'sg13g2_IOPadTriOut4mA' has no ANTENNADIFFAREA value defined. The library data is incomplete and some process antenna rules will not be checked correctly.
Type 'man IMPLF-201' for more detail.
**WARN: (IMPLF-200):	Pin 'pad' in macro 'sg13g2_IOPadTriOut4mA' has no ANTENNAGATEAREA value defined. The library data is incomplete and some process antenna rules will not be checked correctly.
Type 'man IMPLF-200' for more detail.
**WARN: (EMS-27):	Message (IMPLF-200) has exceeded the current message display limit of 20.
To increase the message display limit, refer to the product command reference manual.
**WARN: (IMPLF-201):	Pin 'pad' in macro 'sg13g2_IOPadOut30mA' has no ANTENNADIFFAREA value defined. The library data is incomplete and some process antenna rules will not be checked correctly.
Type 'man IMPLF-201' for more detail.
**WARN: (IMPLF-201):	Pin 'pad' in macro 'sg13g2_IOPadOut16mA' has no ANTENNADIFFAREA value defined. The library data is incomplete and some process antenna rules will not be checked correctly.
Type 'man IMPLF-201' for more detail.
**WARN: (IMPLF-201):	Pin 'pad' in macro 'sg13g2_IOPadOut4mA' has no ANTENNADIFFAREA value defined. The library data is incomplete and some process antenna rules will not be checked correctly.
Type 'man IMPLF-201' for more detail.
**WARN: (IMPLF-201):	Pin 'p2c' in macro 'sg13g2_IOPadIn' has no ANTENNADIFFAREA value defined. The library data is incomplete and some process antenna rules will not be checked correctly.
Type 'man IMPLF-201' for more detail.
**WARN: (IMPLF-201):	Pin 'pad' in macro 'sg13g2_IOPadIn' has no ANTENNADIFFAREA value defined. The library data is incomplete and some process antenna rules will not be checked correctly.
Type 'man IMPLF-201' for more detail.

viaInitial starts at Wed Nov  5 12:47:11 2025
viaInitial ends at Wed Nov  5 12:47:11 2025

##  Check design process and node:  
##  Both design process and tech node are not set.

Loading view definition file from /ictc/student_data/vantruong/final_pj/fn_prj_here/flowspd/pd1/06done15.dat/viewDefinition.tcl
Reading sky130_wc timing library '/ictc/student_data/vantruong/final_pj/fn_prj_here/data/user_setting/backup/sg13g2_stdcell_slow_1p08V_125C.lib' ...
Read 78 cells in library 'sg13g2_stdcell_slow_1p08V_125C' 
Reading sky130_wc timing library '/ictc/student_data/vantruong/final_pj/fn_prj_here/data/user_setting/backup/sg13g2_io_slow_1p35V_3p0V_125C.lib' ...
Read 14 cells in library 'sg13g2_io_slow_1p35V_3p0V_125C' 
Reading sky130_wc timing library '/ictc/student_data/vantruong/final_pj/fn_prj_here/data/user_setting/backup/sg13g2_io_slow_1p08V_3p0V_125C.lib' ...
Read 14 cells in library 'sg13g2_io_slow_1p08V_3p0V_125C' 
Reading sky130_wc timing library '/ictc/student_data/vantruong/final_pj/fn_prj_here/data/user_setting/backup/RM_IHPSG13_1P_1024x64_c2_bm_bist_slow_1p08V_125C.lib' ...
**WARN: (TECHLIB-302):	No function defined for cell 'RM_IHPSG13_1P_1024x64_c2_bm_bist'. The cell will only be used for analysis. (File /ictc/student_data/vantruong/final_pj/fn_prj_here/data/user_setting/backup/RM_IHPSG13_1P_1024x64_c2_bm_bist_slow_1p08V_125C.lib)
Read 1 cells in library 'RM_IHPSG13_1P_1024x64_c2_bm_bist_slow_1p08V_125C' 
Reading sky130_wc timing library '/ictc/student_data/vantruong/final_pj/fn_prj_here/data/user_setting/backup/RM_IHPSG13_1P_2048x64_c2_bm_bist_slow_1p08V_125C.lib' ...
**WARN: (TECHLIB-302):	No function defined for cell 'RM_IHPSG13_1P_2048x64_c2_bm_bist'. The cell will only be used for analysis. (File /ictc/student_data/vantruong/final_pj/fn_prj_here/data/user_setting/backup/RM_IHPSG13_1P_2048x64_c2_bm_bist_slow_1p08V_125C.lib)
Read 1 cells in library 'RM_IHPSG13_1P_2048x64_c2_bm_bist_slow_1p08V_125C' 
Reading sky130_wc timing library '/ictc/student_data/vantruong/final_pj/fn_prj_here/data/user_setting/backup/RM_IHPSG13_1P_4096x8_c3_bm_bist_slow_1p08V_125C.lib' ...
**WARN: (TECHLIB-302):	No function defined for cell 'RM_IHPSG13_1P_4096x8_c3_bm_bist'. The cell will only be used for analysis. (File /ictc/student_data/vantruong/final_pj/fn_prj_here/data/user_setting/backup/RM_IHPSG13_1P_4096x8_c3_bm_bist_slow_1p08V_125C.lib)
Read 1 cells in library 'RM_IHPSG13_1P_4096x8_c3_bm_bist_slow_1p08V_125C' 
Reading sky130_wc timing library '/ictc/student_data/vantruong/final_pj/fn_prj_here/data/user_setting/backup/RM_IHPSG13_1P_1024x16_c2_bm_bist_slow_1p08V_125C.lib' ...
**WARN: (TECHLIB-302):	No function defined for cell 'RM_IHPSG13_1P_1024x16_c2_bm_bist'. The cell will only be used for analysis. (File /ictc/student_data/vantruong/final_pj/fn_prj_here/data/user_setting/backup/RM_IHPSG13_1P_1024x16_c2_bm_bist_slow_1p08V_125C.lib)
Read 1 cells in library 'RM_IHPSG13_1P_1024x16_c2_bm_bist_slow_1p08V_125C' 
Reading sky130_wc timing library '/ictc/student_data/vantruong/final_pj/fn_prj_here/data/user_setting/backup/RM_IHPSG13_1P_256x48_c2_bm_bist_slow_1p08V_125C.lib' ...
**WARN: (TECHLIB-302):	No function defined for cell 'RM_IHPSG13_1P_256x48_c2_bm_bist'. The cell will only be used for analysis. (File /ictc/student_data/vantruong/final_pj/fn_prj_here/data/user_setting/backup/RM_IHPSG13_1P_256x48_c2_bm_bist_slow_1p08V_125C.lib)
Read 1 cells in library 'RM_IHPSG13_1P_256x48_c2_bm_bist_slow_1p08V_125C' 
Reading sky130_wc timing library '/ictc/student_data/vantruong/final_pj/fn_prj_here/data/user_setting/backup/RM_IHPSG13_1P_512x64_c2_bm_bist_slow_1p08V_125C.lib' ...
**WARN: (TECHLIB-302):	No function defined for cell 'RM_IHPSG13_1P_512x64_c2_bm_bist'. The cell will only be used for analysis. (File /ictc/student_data/vantruong/final_pj/fn_prj_here/data/user_setting/backup/RM_IHPSG13_1P_512x64_c2_bm_bist_slow_1p08V_125C.lib)
Read 1 cells in library 'RM_IHPSG13_1P_512x64_c2_bm_bist_slow_1p08V_125C' 
Reading sky130_wc timing library '/ictc/student_data/vantruong/final_pj/fn_prj_here/data/user_setting/backup/RM_IHPSG13_1P_256x64_c2_bm_bist_slow_1p08V_125C.lib' ...
**WARN: (TECHLIB-302):	No function defined for cell 'RM_IHPSG13_1P_256x64_c2_bm_bist'. The cell will only be used for analysis. (File /ictc/student_data/vantruong/final_pj/fn_prj_here/data/user_setting/backup/RM_IHPSG13_1P_256x64_c2_bm_bist_slow_1p08V_125C.lib)
Read 1 cells in library 'RM_IHPSG13_1P_256x64_c2_bm_bist_slow_1p08V_125C' 
Reading sky130_wc timing library '/ictc/student_data/vantruong/final_pj/fn_prj_here/data/user_setting/backup/RM_IHPSG13_1P_1024x8_c2_bm_bist_slow_1p08V_125C.lib' ...
**WARN: (TECHLIB-302):	No function defined for cell 'RM_IHPSG13_1P_1024x8_c2_bm_bist'. The cell will only be used for analysis. (File /ictc/student_data/vantruong/final_pj/fn_prj_here/data/user_setting/backup/RM_IHPSG13_1P_1024x8_c2_bm_bist_slow_1p08V_125C.lib)
Read 1 cells in library 'RM_IHPSG13_1P_1024x8_c2_bm_bist_slow_1p08V_125C' 
Reading sky130_wc timing library '/ictc/student_data/vantruong/final_pj/fn_prj_here/data/user_setting/backup/RM_IHPSG13_1P_4096x16_c3_bm_bist_slow_1p08V_125C.lib' ...
**WARN: (TECHLIB-302):	No function defined for cell 'RM_IHPSG13_1P_4096x16_c3_bm_bist'. The cell will only be used for analysis. (File /ictc/student_data/vantruong/final_pj/fn_prj_here/data/user_setting/backup/RM_IHPSG13_1P_4096x16_c3_bm_bist_slow_1p08V_125C.lib)
Read 1 cells in library 'RM_IHPSG13_1P_4096x16_c3_bm_bist_slow_1p08V_125C' 
Reading sky130_wc timing library '/ictc/student_data/vantruong/final_pj/fn_prj_here/data/user_setting/backup/RM_IHPSG13_1P_64x64_c2_bm_bist_slow_1p08V_125C.lib' ...
**WARN: (TECHLIB-302):	No function defined for cell 'RM_IHPSG13_1P_64x64_c2_bm_bist'. The cell will only be used for analysis. (File /ictc/student_data/vantruong/final_pj/fn_prj_here/data/user_setting/backup/RM_IHPSG13_1P_64x64_c2_bm_bist_slow_1p08V_125C.lib)
Read 1 cells in library 'RM_IHPSG13_1P_64x64_c2_bm_bist_slow_1p08V_125C' 
Reading sky130_bc timing library '/ictc/student_data/vantruong/final_pj/fn_prj_here/data/user_setting/backup/sg13g2_stdcell_fast_1p32V_m40C.lib' ...
Read 78 cells in library 'sg13g2_stdcell_fast_1p32V_m40C' 
Reading sky130_bc timing library '/ictc/student_data/vantruong/final_pj/fn_prj_here/data/user_setting/backup/sg13g2_io_fast_1p32V_3p6V_m40C.lib' ...
Read 14 cells in library 'sg13g2_io_fast_1p32V_3p6V_m40C' 
Reading sky130_bc timing library '/ictc/student_data/vantruong/final_pj/fn_prj_here/data/user_setting/backup/sg13g2_io_fast_1p65V_3p6V_m40C.lib' ...
Read 14 cells in library 'sg13g2_io_fast_1p65V_3p6V_m40C' 
Reading sky130_bc timing library '/ictc/student_data/vantruong/final_pj/fn_prj_here/data/user_setting/backup/RM_IHPSG13_1P_2048x64_c2_bm_bist_fast_1p32V_m55C.lib' ...
**WARN: (TECHLIB-302):	No function defined for cell 'RM_IHPSG13_1P_2048x64_c2_bm_bist'. The cell will only be used for analysis. (File /ictc/student_data/vantruong/final_pj/fn_prj_here/data/user_setting/backup/RM_IHPSG13_1P_2048x64_c2_bm_bist_fast_1p32V_m55C.lib)
Read 1 cells in library 'RM_IHPSG13_1P_2048x64_c2_bm_bist_fast_1p32V_m55C' 
Reading sky130_bc timing library '/ictc/student_data/vantruong/final_pj/fn_prj_here/data/user_setting/backup/RM_IHPSG13_1P_4096x16_c3_bm_bist_fast_1p32V_m55C.lib' ...
**WARN: (TECHLIB-302):	No function defined for cell 'RM_IHPSG13_1P_4096x16_c3_bm_bist'. The cell will only be used for analysis. (File /ictc/student_data/vantruong/final_pj/fn_prj_here/data/user_setting/backup/RM_IHPSG13_1P_4096x16_c3_bm_bist_fast_1p32V_m55C.lib)
Read 1 cells in library 'RM_IHPSG13_1P_4096x16_c3_bm_bist_fast_1p32V_m55C' 
Reading sky130_bc timing library '/ictc/student_data/vantruong/final_pj/fn_prj_here/data/user_setting/backup/RM_IHPSG13_1P_64x64_c2_bm_bist_fast_1p32V_m55C.lib' ...
**WARN: (TECHLIB-302):	No function defined for cell 'RM_IHPSG13_1P_64x64_c2_bm_bist'. The cell will only be used for analysis. (File /ictc/student_data/vantruong/final_pj/fn_prj_here/data/user_setting/backup/RM_IHPSG13_1P_64x64_c2_bm_bist_fast_1p32V_m55C.lib)
Read 1 cells in library 'RM_IHPSG13_1P_64x64_c2_bm_bist_fast_1p32V_m55C' 
Reading sky130_bc timing library '/ictc/student_data/vantruong/final_pj/fn_prj_here/data/user_setting/backup/RM_IHPSG13_1P_1024x8_c2_bm_bist_fast_1p32V_m55C.lib' ...
**WARN: (TECHLIB-302):	No function defined for cell 'RM_IHPSG13_1P_1024x8_c2_bm_bist'. The cell will only be used for analysis. (File /ictc/student_data/vantruong/final_pj/fn_prj_here/data/user_setting/backup/RM_IHPSG13_1P_1024x8_c2_bm_bist_fast_1p32V_m55C.lib)
Read 1 cells in library 'RM_IHPSG13_1P_1024x8_c2_bm_bist_fast_1p32V_m55C' 
Reading sky130_bc timing library '/ictc/student_data/vantruong/final_pj/fn_prj_here/data/user_setting/backup/RM_IHPSG13_1P_256x64_c2_bm_bist_fast_1p32V_m55C.lib' ...
**WARN: (TECHLIB-302):	No function defined for cell 'RM_IHPSG13_1P_256x64_c2_bm_bist'. The cell will only be used for analysis. (File /ictc/student_data/vantruong/final_pj/fn_prj_here/data/user_setting/backup/RM_IHPSG13_1P_256x64_c2_bm_bist_fast_1p32V_m55C.lib)
Read 1 cells in library 'RM_IHPSG13_1P_256x64_c2_bm_bist_fast_1p32V_m55C' 
Reading sky130_bc timing library '/ictc/student_data/vantruong/final_pj/fn_prj_here/data/user_setting/backup/RM_IHPSG13_1P_256x48_c2_bm_bist_fast_1p32V_m55C.lib' ...
**WARN: (TECHLIB-302):	No function defined for cell 'RM_IHPSG13_1P_256x48_c2_bm_bist'. The cell will only be used for analysis. (File /ictc/student_data/vantruong/final_pj/fn_prj_here/data/user_setting/backup/RM_IHPSG13_1P_256x48_c2_bm_bist_fast_1p32V_m55C.lib)
Read 1 cells in library 'RM_IHPSG13_1P_256x48_c2_bm_bist_fast_1p32V_m55C' 
Reading sky130_bc timing library '/ictc/student_data/vantruong/final_pj/fn_prj_here/data/user_setting/backup/RM_IHPSG13_1P_1024x64_c2_bm_bist_fast_1p32V_m55C.lib' ...
**WARN: (TECHLIB-302):	No function defined for cell 'RM_IHPSG13_1P_1024x64_c2_bm_bist'. The cell will only be used for analysis. (File /ictc/student_data/vantruong/final_pj/fn_prj_here/data/user_setting/backup/RM_IHPSG13_1P_1024x64_c2_bm_bist_fast_1p32V_m55C.lib)
Read 1 cells in library 'RM_IHPSG13_1P_1024x64_c2_bm_bist_fast_1p32V_m55C' 
Reading sky130_bc timing library '/ictc/student_data/vantruong/final_pj/fn_prj_here/data/user_setting/backup/RM_IHPSG13_1P_4096x8_c3_bm_bist_fast_1p32V_m55C.lib' ...
**WARN: (TECHLIB-302):	No function defined for cell 'RM_IHPSG13_1P_4096x8_c3_bm_bist'. The cell will only be used for analysis. (File /ictc/student_data/vantruong/final_pj/fn_prj_here/data/user_setting/backup/RM_IHPSG13_1P_4096x8_c3_bm_bist_fast_1p32V_m55C.lib)
Read 1 cells in library 'RM_IHPSG13_1P_4096x8_c3_bm_bist_fast_1p32V_m55C' 
Reading sky130_bc timing library '/ictc/student_data/vantruong/final_pj/fn_prj_here/data/user_setting/backup/RM_IHPSG13_1P_1024x16_c2_bm_bist_fast_1p32V_m55C.lib' ...
**WARN: (TECHLIB-302):	No function defined for cell 'RM_IHPSG13_1P_1024x16_c2_bm_bist'. The cell will only be used for analysis. (File /ictc/student_data/vantruong/final_pj/fn_prj_here/data/user_setting/backup/RM_IHPSG13_1P_1024x16_c2_bm_bist_fast_1p32V_m55C.lib)
Read 1 cells in library 'RM_IHPSG13_1P_1024x16_c2_bm_bist_fast_1p32V_m55C' 
Reading sky130_bc timing library '/ictc/student_data/vantruong/final_pj/fn_prj_here/data/user_setting/backup/RM_IHPSG13_1P_512x64_c2_bm_bist_fast_1p32V_m55C.lib' ...
**WARN: (TECHLIB-302):	No function defined for cell 'RM_IHPSG13_1P_512x64_c2_bm_bist'. The cell will only be used for analysis. (File /ictc/student_data/vantruong/final_pj/fn_prj_here/data/user_setting/backup/RM_IHPSG13_1P_512x64_c2_bm_bist_fast_1p32V_m55C.lib)
Read 1 cells in library 'RM_IHPSG13_1P_512x64_c2_bm_bist_fast_1p32V_m55C' 
*** End library_loading (cpu=0.02min, real=0.02min, mem=37.4M, fe_cpu=0.33min, fe_real=0.58min, fe_mem=723.0M) ***
% Begin Load netlist data ... (date=11/05 12:47:12, mem=704.5M)
*** Begin netlist parsing (mem=723.0M) ***
**WARN: (IMPVL-159):	Pin 'VDD' of cell 'sg13g2_xor2_1' is defined in LEF but not in the timing library.
Type 'man IMPVL-159' for more detail.
**WARN: (IMPVL-159):	Pin 'VSS' of cell 'sg13g2_xor2_1' is defined in LEF but not in the timing library.
Type 'man IMPVL-159' for more detail.
**WARN: (IMPVL-159):	Pin 'VDD' of cell 'sg13g2_xnor2_1' is defined in LEF but not in the timing library.
Type 'man IMPVL-159' for more detail.
**WARN: (IMPVL-159):	Pin 'VSS' of cell 'sg13g2_xnor2_1' is defined in LEF but not in the timing library.
Type 'man IMPVL-159' for more detail.
**WARN: (IMPVL-159):	Pin 'VDD' of cell 'sg13g2_tielo' is defined in LEF but not in the timing library.
Type 'man IMPVL-159' for more detail.
**WARN: (IMPVL-159):	Pin 'VSS' of cell 'sg13g2_tielo' is defined in LEF but not in the timing library.
Type 'man IMPVL-159' for more detail.
**WARN: (IMPVL-159):	Pin 'VDD' of cell 'sg13g2_tiehi' is defined in LEF but not in the timing library.
Type 'man IMPVL-159' for more detail.
**WARN: (IMPVL-159):	Pin 'VSS' of cell 'sg13g2_tiehi' is defined in LEF but not in the timing library.
Type 'man IMPVL-159' for more detail.
**WARN: (IMPVL-159):	Pin 'VDD' of cell 'sg13g2_slgcp_1' is defined in LEF but not in the timing library.
Type 'man IMPVL-159' for more detail.
**WARN: (IMPVL-159):	Pin 'VSS' of cell 'sg13g2_slgcp_1' is defined in LEF but not in the timing library.
Type 'man IMPVL-159' for more detail.
**WARN: (IMPVL-159):	Pin 'VDD' of cell 'sg13g2_sighold' is defined in LEF but not in the timing library.
Type 'man IMPVL-159' for more detail.
**WARN: (IMPVL-159):	Pin 'VSS' of cell 'sg13g2_sighold' is defined in LEF but not in the timing library.
Type 'man IMPVL-159' for more detail.
**WARN: (IMPVL-159):	Pin 'VDD' of cell 'sg13g2_sdfbbp_1' is defined in LEF but not in the timing library.
Type 'man IMPVL-159' for more detail.
**WARN: (IMPVL-159):	Pin 'VSS' of cell 'sg13g2_sdfbbp_1' is defined in LEF but not in the timing library.
Type 'man IMPVL-159' for more detail.
**WARN: (IMPVL-159):	Pin 'VDD' of cell 'sg13g2_or4_2' is defined in LEF but not in the timing library.
Type 'man IMPVL-159' for more detail.
**WARN: (IMPVL-159):	Pin 'VSS' of cell 'sg13g2_or4_2' is defined in LEF but not in the timing library.
Type 'man IMPVL-159' for more detail.
**WARN: (IMPVL-159):	Pin 'VDD' of cell 'sg13g2_or4_1' is defined in LEF but not in the timing library.
Type 'man IMPVL-159' for more detail.
**WARN: (IMPVL-159):	Pin 'VSS' of cell 'sg13g2_or4_1' is defined in LEF but not in the timing library.
Type 'man IMPVL-159' for more detail.
**WARN: (IMPVL-159):	Pin 'VDD' of cell 'sg13g2_or3_2' is defined in LEF but not in the timing library.
Type 'man IMPVL-159' for more detail.
**WARN: (IMPVL-159):	Pin 'VSS' of cell 'sg13g2_or3_2' is defined in LEF but not in the timing library.
Type 'man IMPVL-159' for more detail.
**WARN: (EMS-27):	Message (IMPVL-159) has exceeded the current message display limit of 20.
To increase the message display limit, refer to the product command reference manual.
Created 102 new cells from 26 timing libraries.
Reading netlist ...
Backslashed names will retain backslash and a trailing blank character.
Reading verilogBinary netlist '/ictc/student_data/vantruong/final_pj/fn_prj_here/flowspd/pd1/06done15.dat/vbin/croc_chip.v.bin'
Reading binary database version 2 in 1-threaded mode

*** Memory Usage v#1 (Current mem = 744.039M, initial mem = 273.906M) ***
*** End netlist parsing (cpu=0:00:00.1, real=0:00:00.0, mem=744.0M) ***
% End Load netlist data ... (date=11/05 12:47:12, total cpu=0:00:00.1, real=0:00:00.0, peak res=725.1M, current mem=725.1M)
Set top cell to croc_chip.
**WARN: (IMPTS-282):	Cell 'sg13g2_IOPadTriOut4mA' is not a level shifter cell but has 'input_signal_level' and 'output_signal_level' specified on pins, or it has different related_power_pin specified on input and output pins. To mark this cell as level shifter, use 'is_level_shifter' attribute.
Type 'man IMPTS-282' for more detail.
**WARN: (IMPTS-282):	Cell 'sg13g2_IOPadTriOut30mA' is not a level shifter cell but has 'input_signal_level' and 'output_signal_level' specified on pins, or it has different related_power_pin specified on input and output pins. To mark this cell as level shifter, use 'is_level_shifter' attribute.
Type 'man IMPTS-282' for more detail.
**WARN: (IMPTS-282):	Cell 'sg13g2_IOPadTriOut16mA' is not a level shifter cell but has 'input_signal_level' and 'output_signal_level' specified on pins, or it has different related_power_pin specified on input and output pins. To mark this cell as level shifter, use 'is_level_shifter' attribute.
Type 'man IMPTS-282' for more detail.
**WARN: (IMPTS-282):	Cell 'sg13g2_IOPadOut4mA' is not a level shifter cell but has 'input_signal_level' and 'output_signal_level' specified on pins, or it has different related_power_pin specified on input and output pins. To mark this cell as level shifter, use 'is_level_shifter' attribute.
Type 'man IMPTS-282' for more detail.
**WARN: (IMPTS-282):	Cell 'sg13g2_IOPadOut30mA' is not a level shifter cell but has 'input_signal_level' and 'output_signal_level' specified on pins, or it has different related_power_pin specified on input and output pins. To mark this cell as level shifter, use 'is_level_shifter' attribute.
Type 'man IMPTS-282' for more detail.
**WARN: (IMPTS-282):	Cell 'sg13g2_IOPadOut16mA' is not a level shifter cell but has 'input_signal_level' and 'output_signal_level' specified on pins, or it has different related_power_pin specified on input and output pins. To mark this cell as level shifter, use 'is_level_shifter' attribute.
Type 'man IMPTS-282' for more detail.
**WARN: (IMPTS-282):	Cell 'sg13g2_IOPadIn' is not a level shifter cell but has 'input_signal_level' and 'output_signal_level' specified on pins, or it has different related_power_pin specified on input and output pins. To mark this cell as level shifter, use 'is_level_shifter' attribute.
Type 'man IMPTS-282' for more detail.
**WARN: (IMPTS-282):	Cell 'sg13g2_IOPadTriOut4mA' is not a level shifter cell but has 'input_signal_level' and 'output_signal_level' specified on pins, or it has different related_power_pin specified on input and output pins. To mark this cell as level shifter, use 'is_level_shifter' attribute.
Type 'man IMPTS-282' for more detail.
**WARN: (IMPTS-282):	Cell 'sg13g2_IOPadTriOut30mA' is not a level shifter cell but has 'input_signal_level' and 'output_signal_level' specified on pins, or it has different related_power_pin specified on input and output pins. To mark this cell as level shifter, use 'is_level_shifter' attribute.
Type 'man IMPTS-282' for more detail.
**WARN: (IMPTS-282):	Cell 'sg13g2_IOPadTriOut16mA' is not a level shifter cell but has 'input_signal_level' and 'output_signal_level' specified on pins, or it has different related_power_pin specified on input and output pins. To mark this cell as level shifter, use 'is_level_shifter' attribute.
Type 'man IMPTS-282' for more detail.
**WARN: (IMPTS-282):	Cell 'sg13g2_IOPadOut4mA' is not a level shifter cell but has 'input_signal_level' and 'output_signal_level' specified on pins, or it has different related_power_pin specified on input and output pins. To mark this cell as level shifter, use 'is_level_shifter' attribute.
Type 'man IMPTS-282' for more detail.
**WARN: (IMPTS-282):	Cell 'sg13g2_IOPadOut30mA' is not a level shifter cell but has 'input_signal_level' and 'output_signal_level' specified on pins, or it has different related_power_pin specified on input and output pins. To mark this cell as level shifter, use 'is_level_shifter' attribute.
Type 'man IMPTS-282' for more detail.
**WARN: (IMPTS-282):	Cell 'sg13g2_IOPadOut16mA' is not a level shifter cell but has 'input_signal_level' and 'output_signal_level' specified on pins, or it has different related_power_pin specified on input and output pins. To mark this cell as level shifter, use 'is_level_shifter' attribute.
Type 'man IMPTS-282' for more detail.
**WARN: (IMPTS-282):	Cell 'sg13g2_IOPadIn' is not a level shifter cell but has 'input_signal_level' and 'output_signal_level' specified on pins, or it has different related_power_pin specified on input and output pins. To mark this cell as level shifter, use 'is_level_shifter' attribute.
Type 'man IMPTS-282' for more detail.
**WARN: (IMPTS-282):	Cell 'sg13g2_IOPadTriOut4mA' is not a level shifter cell but has 'input_signal_level' and 'output_signal_level' specified on pins, or it has different related_power_pin specified on input and output pins. To mark this cell as level shifter, use 'is_level_shifter' attribute.
Type 'man IMPTS-282' for more detail.
**WARN: (IMPTS-282):	Cell 'sg13g2_IOPadTriOut30mA' is not a level shifter cell but has 'input_signal_level' and 'output_signal_level' specified on pins, or it has different related_power_pin specified on input and output pins. To mark this cell as level shifter, use 'is_level_shifter' attribute.
Type 'man IMPTS-282' for more detail.
**WARN: (IMPTS-282):	Cell 'sg13g2_IOPadTriOut16mA' is not a level shifter cell but has 'input_signal_level' and 'output_signal_level' specified on pins, or it has different related_power_pin specified on input and output pins. To mark this cell as level shifter, use 'is_level_shifter' attribute.
Type 'man IMPTS-282' for more detail.
**WARN: (IMPTS-282):	Cell 'sg13g2_IOPadOut4mA' is not a level shifter cell but has 'input_signal_level' and 'output_signal_level' specified on pins, or it has different related_power_pin specified on input and output pins. To mark this cell as level shifter, use 'is_level_shifter' attribute.
Type 'man IMPTS-282' for more detail.
**WARN: (IMPTS-282):	Cell 'sg13g2_IOPadOut30mA' is not a level shifter cell but has 'input_signal_level' and 'output_signal_level' specified on pins, or it has different related_power_pin specified on input and output pins. To mark this cell as level shifter, use 'is_level_shifter' attribute.
Type 'man IMPTS-282' for more detail.
**WARN: (IMPTS-282):	Cell 'sg13g2_IOPadOut16mA' is not a level shifter cell but has 'input_signal_level' and 'output_signal_level' specified on pins, or it has different related_power_pin specified on input and output pins. To mark this cell as level shifter, use 'is_level_shifter' attribute.
Type 'man IMPTS-282' for more detail.
**WARN: (EMS-27):	Message (IMPTS-282) has exceeded the current message display limit of 20.
To increase the message display limit, refer to the product command reference manual.
Hooked 232 DB cells to tlib cells.
1 empty module found.
Starting recursive module instantiation check.
No recursion found.
Building hierarchical netlist for Cell croc_chip ...
*** Netlist is unique.
** info: there are 329 modules.
** info: there are 44368 stdCell insts.
** info: there are 64 Pad insts.
** info: there are 2 macros.

*** Memory Usage v#1 (Current mem = 799.953M, initial mem = 273.906M) ***
*info: set bottom ioPad orient R0
Initializing I/O assignment ...
Adjusting Core to Bottom to: 168.1800.
**WARN: (IMPFP-3961):	The techSite 'sg13g2_ioSite' has no related standard cells in LEF/OA library. Cannot make calculations for this site type unless standard cell models of this type exist in the LEF/OA library. If the SITE is not used by the library you can ignore this warning or remove the SITE definition from the LEF/OA to avoid this message.
Type 'man IMPFP-3961' for more detail.
Adjust TopMetal1 preferred direction offset from 1.64 to 0.
Generated pitch 2.52 in TopMetal1 is different from 2.28 defined in technology file in preferred direction.
Set Default Net Delay as 1000 ps.
Set Default Net Load as 0.5 pF. 
Set Default Input Pin Transition as 0.1 ps.
Loading preference file /ictc/student_data/vantruong/final_pj/fn_prj_here/flowspd/pd1/06done15.dat/gui.pref.tcl ...
##  Process: 130           (User Set)               
##     Node: (not set)                           

##  Check design process and node:  
##  Design tech node is not set.

Applying the recommended capacitance filtering threshold values for 130nm process node: total_c_th=0, relative_c_th=1 and coupling_c_th=0.4.
	These values will be used by all post-route extraction engines, including TQuantus, IQuantus and Quantus QRC extraction.
	Capacitance filtering mode(-capFilterMode option of the setExtractRCMode) is 'relAndCoup' for all engines.
	The accuracy mode for postRoute effortLevel low extraction will be set to 'standard'.
	Default value for EffortLevel(-effortLevel option of the setExtractRCMode) in postRoute extraction mode is 'low'.
**WARN: (IMPOPT-3602):	The specified path group name reg2reg is not defined.
Type 'man IMPOPT-3602' for more detail.
Effort level <high> specified for reg2reg path_group
**WARN: (IMPOPT-3602):	The specified path group name reg2out is not defined.
Type 'man IMPOPT-3602' for more detail.
Effort level <low> specified for reg2out path_group
**WARN: (IMPOPT-3602):	The specified path group name reg2mem is not defined.
Type 'man IMPOPT-3602' for more detail.
Effort level <high> specified for reg2mem path_group
**WARN: (IMPOPT-3602):	The specified path group name mem2reg is not defined.
Type 'man IMPOPT-3602' for more detail.
Effort level <high> specified for mem2reg path_group
**WARN: (IMPOPT-3602):	The specified path group name in2reg is not defined.
Type 'man IMPOPT-3602' for more detail.
Effort level <low> specified for in2reg path_group
**WARN: (IMPOPT-3602):	The specified path group name in2out is not defined.
Type 'man IMPOPT-3602' for more detail.
Effort level <low> specified for in2out path_group
**WARN: (IMPCK-8086):	The command setCTSMode is obsolete and will be removed in the next release. This command still works in this release, but by the next release you must transition to the CCOpt-based CTS flow.
**WARN: (IMPCK-8086):	The command setCTSMode is obsolete and will be removed in the next release. This command still works in this release, but by the next release you must transition to the CCOpt-based CTS flow.
**WARN: The setCCOptMode/set_ccopt_mode command is obsolete and will be removed in a future release. This command still works in this release, but to avoid this warning and to ensure compatibility with future releases, transition to set_ccopt_property.
**WARN: The setCCOptMode/set_ccopt_mode command is obsolete and will be removed in a future release. This command still works in this release, but to avoid this warning and to ensure compatibility with future releases, transition to set_ccopt_property.
**WARN: The setCCOptMode/set_ccopt_mode command is obsolete and will be removed in a future release. This command still works in this release, but to avoid this warning and to ensure compatibility with future releases, transition to set_ccopt_property.
**WARN: (IMPTCM-77):	Option "-drouteStartIteration" for command setNanoRouteMode is obsolete and will be removed in a future release. The obsolete option still works in this release but to avoid this warning and to ensure compatibility with future releases, remove the obsolete option from your script.
**WARN: The setCCOptMode/set_ccopt_mode command is obsolete and will be removed in a future release. This command still works in this release, but to avoid this warning and to ensure compatibility with future releases, transition to set_ccopt_property.
**WARN: The setCCOptMode/set_ccopt_mode command is obsolete and will be removed in a future release. This command still works in this release, but to avoid this warning and to ensure compatibility with future releases, transition to set_ccopt_property.
**WARN: The setCCOptMode/set_ccopt_mode command is obsolete and will be removed in a future release. This command still works in this release, but to avoid this warning and to ensure compatibility with future releases, transition to set_ccopt_property.
Change floorplan default-technical-site to 'CoreSite'.
*Info: initialize multi-corner CTS.
Total number of combinational cells: 62
Total number of sequential cells: 10
Total number of tristate cells: 6
Total number of level shifter cells: 0
Total number of power gating cells: 0
Total number of isolation cells: 0
Total number of power switch cells: 0
Total number of pulse generator cells: 0
Total number of always on buffers: 0
Total number of retention cells: 0
List of usable buffers: sg13g2_buf_1 sg13g2_buf_16 sg13g2_buf_2 sg13g2_buf_4 sg13g2_buf_8
Total number of usable buffers: 5
List of unusable buffers:
Total number of unusable buffers: 0
List of usable inverters: sg13g2_inv_1 sg13g2_inv_16 sg13g2_inv_2 sg13g2_inv_4 sg13g2_inv_8
Total number of usable inverters: 5
List of unusable inverters:
Total number of unusable inverters: 0
List of identified usable delay cells: sg13g2_dlygate4sd2_1 sg13g2_dlygate4sd1_1 sg13g2_dlygate4sd3_1
Total number of identified usable delay cells: 3
List of identified unusable delay cells:
Total number of identified unusable delay cells: 0
% Begin Load MMMC data ... (date=11/05 12:47:13, mem=956.8M)
% End Load MMMC data ... (date=11/05 12:47:13, total cpu=0:00:00.0, real=0:00:00.0, peak res=956.8M, current mem=956.8M)
Reading floorplan file - /ictc/student_data/vantruong/final_pj/fn_prj_here/flowspd/pd1/06done15.dat/croc_chip.fp.gz (mem = 981.8M).
% Begin Load floorplan data ... (date=11/05 12:47:13, mem=957.3M)
*info: reset 51214 existing net BottomPreferredLayer and AvoidDetour
Deleting old partition specification.
Set FPlanBox to (0 0 1840320 1840020)
**WARN: (IMPFP-3961):	The techSite 'sg13g2_ioSite' has no related standard cells in LEF/OA library. Cannot make calculations for this site type unless standard cell models of this type exist in the LEF/OA library. If the SITE is not used by the library you can ignore this warning or remove the SITE definition from the LEF/OA to avoid this message.
Type 'man IMPFP-3961' for more detail.
Adjust TopMetal1 preferred direction offset from 1.64 to 0.
Generated pitch 2.52 in TopMetal1 is different from 2.28 defined in technology file in preferred direction.
 ... processed partition successfully.
Reading binary special route file /ictc/student_data/vantruong/final_pj/fn_prj_here/flowspd/pd1/06done15.dat/croc_chip.fp.spr.gz (Created by Innovus v20.10-p004_1 on Mon Sep 15 22:04:54 2025, version: 1)
Ending "Read special route file" (total cpu=0:00:00.0, real=0:00:00.0, peak res=962.5M, current mem=962.5M)
There are 64 io inst loaded
There are 244 nets with weight being set
There are 245 nets with bottomPreferredRoutingLayer being set
There are 244 nets with avoidDetour being set
Extracting standard cell pins and blockage ...... 
**WARN: (IMPTR-2104):	Layer M6: Pitch=2280 is less than min width=1640 + min spacing=1640.
**WARN: (IMPTR-2108):	For layer M6, the gaps of 729 out of 729 tracks are narrower than 3.280um (space 1.640 + width 1.640).
Type 'man IMPTR-2108' for more detail.
 As a result, your trialRoute congestion could be incorrect.
Pin and blockage extraction finished
% End Load floorplan data ... (date=11/05 12:47:13, total cpu=0:00:00.1, real=0:00:00.0, peak res=964.5M, current mem=964.5M)
Reading congestion map file /ictc/student_data/vantruong/final_pj/fn_prj_here/flowspd/pd1/06done15.dat/croc_chip.route.congmap.gz ...
% Begin Load SymbolTable ... (date=11/05 12:47:13, mem=964.8M)
Suppress "**WARN ..." messages.
Un-suppress "**WARN ..." messages.
% End Load SymbolTable ... (date=11/05 12:47:14, total cpu=0:00:00.1, real=0:00:01.0, peak res=978.1M, current mem=978.1M)
Loading place ...
% Begin Load placement data ... (date=11/05 12:47:14, mem=978.1M)
Reading placement file - /ictc/student_data/vantruong/final_pj/fn_prj_here/flowspd/pd1/06done15.dat/croc_chip.place.gz.
** Reading stdCellPlacement_binary (Created by Innovus v20.10-p004_1 on Mon Sep 15 22:04:54 2025, version# 2) ...
Read Views for adaptive view pruning ...
Read 0 views from Binary DB for adaptive view pruning
*** Checked 6 GNC rules.
*** applyConnectGlobalNets disabled.
*** Completed restorePlace (cpu=0:00:00.2 real=0:00:00.0 mem=1022.0M) ***
Total net length = 1.815e+06 (9.067e+05 9.085e+05) (ext = 0.000e+00)
% End Load placement data ... (date=11/05 12:47:14, total cpu=0:00:00.2, real=0:00:00.0, peak res=1001.4M, current mem=997.6M)
Reading PG file /ictc/student_data/vantruong/final_pj/fn_prj_here/flowspd/pd1/06done15.dat/croc_chip.pg.gz, version#2, (Created by Innovus v20.10-p004_1 on       Mon Sep 15 22:04:54 2025)
*** Completed restorePGFile (cpu=0:00:00.0 real=0:00:00.0 mem=1019.0M) ***
% Begin Load routing data ... (date=11/05 12:47:14, mem=999.1M)
Reading routing file - /ictc/student_data/vantruong/final_pj/fn_prj_here/flowspd/pd1/06done15.dat/croc_chip.route.gz.
Reading Innovus routing data (Created by Innovus v20.10-p004_1 on Mon Sep 15 22:04:54 2025 Format: 20.1) ...
*** Total 49857 nets are successfully restored.
*** Completed restoreRoute (cpu=0:00:00.4 real=0:00:01.0 mem=1081.0M) ***
% End Load routing data ... (date=11/05 12:47:15, total cpu=0:00:00.4, real=0:00:01.0, peak res=1061.9M, current mem=1061.6M)
Loading Drc markers ...
... 5304 markers are loaded ...
... 4066 geometry drc markers are loaded ...
... 16 antenna drc markers are loaded ...
TAT_INFO: restoreCongMap REAL = 1 : CPU = 0 : MEM = 0.
Reading property file /ictc/student_data/vantruong/final_pj/fn_prj_here/flowspd/pd1/06done15.dat/croc_chip.prop
*** Completed restoreProperty (cpu=0:00:00.0 real=0:00:00.0 mem=1090.0M) ***
Reading dirtyarea snapshot file /ictc/student_data/vantruong/final_pj/fn_prj_here/flowspd/pd1/06done15.dat/croc_chip.db.da.gz (Create by Innovus v20.10-p004_1 on Mon Sep 15 22:04:55 2025, version: 4).
Set Default Input Pin Transition as 0.1 ps.
Extraction setup Started 
Initializing multi-corner RC extraction with 1 active RC Corners ...
**WARN: (IMPEXT-2773):	The via resistance between layers M0 and M1 could not be determined from the LEF technology file because the via resistance specification is missing. A default of 4 Ohms will be used as via resistance between these layers.
Type 'man IMPEXT-2773' for more detail.
**WARN: (IMPEXT-2776):	The via resistance between layers M1 and M2 is not defined in the capacitance table file. The via resistance of 20 Ohms defined in the LEF technology file will be used as via resistance between these layers.
Type 'man IMPEXT-2776' for more detail.
**WARN: (IMPEXT-2776):	The via resistance between layers M2 and M3 is not defined in the capacitance table file. The via resistance of 20 Ohms defined in the LEF technology file will be used as via resistance between these layers.
Type 'man IMPEXT-2776' for more detail.
**WARN: (IMPEXT-2776):	The via resistance between layers M3 and M4 is not defined in the capacitance table file. The via resistance of 20 Ohms defined in the LEF technology file will be used as via resistance between these layers.
Type 'man IMPEXT-2776' for more detail.
**WARN: (IMPEXT-2776):	The via resistance between layers M4 and M5 is not defined in the capacitance table file. The via resistance of 20 Ohms defined in the LEF technology file will be used as via resistance between these layers.
Type 'man IMPEXT-2776' for more detail.
**WARN: (IMPEXT-2776):	The via resistance between layers M5 and M6 is not defined in the capacitance table file. The via resistance of 4 Ohms defined in the LEF technology file will be used as via resistance between these layers.
Type 'man IMPEXT-2776' for more detail.
**WARN: (IMPEXT-2776):	The via resistance between layers M6 and M7 is not defined in the capacitance table file. The via resistance of 2.2 Ohms defined in the LEF technology file will be used as via resistance between these layers.
Type 'man IMPEXT-2776' for more detail.
**WARN: (IMPEXT-2766):	The sheet resistance for layer M1 is not defined in the cap table. Therefore, the LEF value 0.135 will be used instead. To avoid this message, update the relevant cap table to include the sheet resistance for the specified layer and read it back in.
**WARN: (IMPEXT-2766):	The sheet resistance for layer M2 is not defined in the cap table. Therefore, the LEF value 0.103 will be used instead. To avoid this message, update the relevant cap table to include the sheet resistance for the specified layer and read it back in.
**WARN: (IMPEXT-2766):	The sheet resistance for layer M3 is not defined in the cap table. Therefore, the LEF value 0.103 will be used instead. To avoid this message, update the relevant cap table to include the sheet resistance for the specified layer and read it back in.
**WARN: (IMPEXT-2766):	The sheet resistance for layer M4 is not defined in the cap table. Therefore, the LEF value 0.103 will be used instead. To avoid this message, update the relevant cap table to include the sheet resistance for the specified layer and read it back in.
**WARN: (IMPEXT-2766):	The sheet resistance for layer M5 is not defined in the cap table. Therefore, the LEF value 0.103 will be used instead. To avoid this message, update the relevant cap table to include the sheet resistance for the specified layer and read it back in.
**WARN: (IMPEXT-2766):	The sheet resistance for layer M6 is not defined in the cap table. Therefore, the LEF value 0.021 will be used instead. To avoid this message, update the relevant cap table to include the sheet resistance for the specified layer and read it back in.
**WARN: (IMPEXT-2766):	The sheet resistance for layer M7 is not defined in the cap table. Therefore, the LEF value 0.0145 will be used instead. To avoid this message, update the relevant cap table to include the sheet resistance for the specified layer and read it back in.
Summary of Active RC-Corners : 
 
 Analysis View: func_view_wc
    RC-Corner Name        : default_rc_corner
    RC-Corner Index       : 0
    RC-Corner Temperature : 25 Celsius
    RC-Corner Cap Table   : ''
    RC-Corner PreRoute Res Factor         : 1
    RC-Corner PreRoute Cap Factor         : 1
    RC-Corner PostRoute Res Factor        : 1 {1 1 1}
    RC-Corner PostRoute Cap Factor        : 1 {1 1 1}
    RC-Corner PostRoute XCap Factor       : 1 {1 1 1}
    RC-Corner PreRoute Clock Res Factor   : 1	[Derived from Cap Table]
    RC-Corner PreRoute Clock Cap Factor   : 1	[Derived from Cap Table]
    RC-Corner PostRoute Clock Cap Factor  : 1 {1 1 1} 	[Derived from postRoute_cap (effortLevel low)]
    RC-Corner PostRoute Clock Res Factor  : 1 {1 1 1} 	[Derived from postRoute_res (effortLevel low)]
 
 Analysis View: func_view_bc
    RC-Corner Name        : default_rc_corner
    RC-Corner Index       : 0
    RC-Corner Temperature : 25 Celsius
    RC-Corner Cap Table   : ''
    RC-Corner PreRoute Res Factor         : 1
    RC-Corner PreRoute Cap Factor         : 1
    RC-Corner PostRoute Res Factor        : 1 {1 1 1}
    RC-Corner PostRoute Cap Factor        : 1 {1 1 1}
    RC-Corner PostRoute XCap Factor       : 1 {1 1 1}
    RC-Corner PreRoute Clock Res Factor   : 1	[Derived from Cap Table]
    RC-Corner PreRoute Clock Cap Factor   : 1	[Derived from Cap Table]
    RC-Corner PostRoute Clock Cap Factor  : 1 {1 1 1} 	[Derived from postRoute_cap (effortLevel low)]
    RC-Corner PostRoute Clock Res Factor  : 1 {1 1 1} 	[Derived from postRoute_res (effortLevel low)]
Initializing multi-corner resistance tables ...
Start generating vias ..
#Skip building auto via since it is not turned on.
Extracting standard cell pins and blockage ...... 
**WARN: (IMPTR-2104):	Layer M6: Pitch=2280 is less than min width=1640 + min spacing=1640.
**WARN: (IMPTR-2108):	For layer M6, the gaps of 729 out of 729 tracks are narrower than 3.280um (space 1.640 + width 1.640).
Type 'man IMPTR-2108' for more detail.
 As a result, your trialRoute congestion could be incorrect.
Pin and blockage extraction finished
Via generation completed.
% Begin Load power constraints ... (date=11/05 12:47:16, mem=1086.9M)
'set_default_switching_activity' finished successfully.
% End Load power constraints ... (date=11/05 12:47:16, total cpu=0:00:00.0, real=0:00:00.0, peak res=1093.6M, current mem=1093.6M)
delay_tc delay_bc delay_wc
% Begin load AAE data ... (date=11/05 12:47:16, mem=1161.8M)
**WARN: (IMPESI-3505):	setDelayCalMode -eng_copyNetPropToNewNet true (default=false) will be obsoleted along with its sgs2set equivalent.  This parameter will continue to be supported in the current release, but will be removed in the next major release of the software.
AAE DB initialization (MEM=1210.34 CPU=0:00:00.1 REAL=0:00:01.0) 
% End load AAE data ... (date=11/05 12:47:17, total cpu=0:00:00.3, real=0:00:01.0, peak res=1176.9M, current mem=1176.9M)
Restoring CCOpt config...
  Extracting original clock gating for clk_sys...
    clock_tree clk_sys contains 4983 sinks and 0 clock gates.
    Extraction for clk_sys complete.
  Extracting original clock gating for clk_sys done.
  Extracting original clock gating for clk_rtc...
    clock_tree clk_rtc contains 1 sinks and 0 clock gates.
    Extraction for clk_rtc complete.
  Extracting original clock gating for clk_rtc done.
  Extracting original clock gating for clk_jtg...
    clock_tree clk_jtg contains 290 sinks and 0 clock gates.
    Extraction for clk_jtg complete.
  Extracting original clock gating for clk_jtg done.
  The skew group clk_jtg/func_mode_ideal_bc was created. It contains 290 sinks and 1 sources.
  The skew group clk_jtg/func_mode_ideal_wc was created. It contains 290 sinks and 1 sources.
  The skew group clk_rtc/func_mode_ideal_bc was created. It contains 1 sinks and 1 sources.
  The skew group clk_rtc/func_mode_ideal_wc was created. It contains 1 sinks and 1 sources.
  The skew group clk_sys/func_mode_ideal_bc was created. It contains 4983 sinks and 1 sources.
  The skew group clk_sys/func_mode_ideal_wc was created. It contains 4983 sinks and 1 sources.
  Added 1 ignore pin (of 1 specified) to skew group 1. Skew group now contains 1 ignore pin.
  Added 1 ignore pin (of 1 specified) to skew group 4. Skew group now contains 1 ignore pin.
  Added 1 ignore pin (of 1 specified) to skew group 7. Skew group now contains 1 ignore pin.
  The skew group clk_jtg/func_mode_ideal_bc was created. It contains 290 sinks and 1 sources.
  The skew group clk_rtc/func_mode_ideal_bc was created. It contains 1 sinks and 1 sources.
  The skew group clk_sys/func_mode_ideal_bc was created. It contains 4983 sinks and 1 sources.
Restoring CCOpt config done.
Total number of combinational cells: 62
Total number of sequential cells: 10
Total number of tristate cells: 6
Total number of level shifter cells: 0
Total number of power gating cells: 0
Total number of isolation cells: 0
Total number of power switch cells: 0
Total number of pulse generator cells: 0
Total number of always on buffers: 0
Total number of retention cells: 0
List of usable buffers: sg13g2_buf_1 sg13g2_buf_2 sg13g2_buf_4 sg13g2_buf_8
Total number of usable buffers: 4
List of unusable buffers: sg13g2_buf_16
Total number of unusable buffers: 1
List of usable inverters: sg13g2_inv_1 sg13g2_inv_2 sg13g2_inv_4 sg13g2_inv_8
Total number of usable inverters: 4
List of unusable inverters: sg13g2_inv_16
Total number of unusable inverters: 1
List of identified usable delay cells: sg13g2_dlygate4sd2_1 sg13g2_dlygate4sd1_1 sg13g2_dlygate4sd3_1
Total number of identified usable delay cells: 3
List of identified unusable delay cells:
Total number of identified unusable delay cells: 0
**WARN: (IMPCTE-107):	The following globals have been obsoleted since version 20.10-p004_1. They will be removed in the next release. 
timing_enable_default_delay_arc
#% End load design ... (date=11/05 12:47:17, total cpu=0:00:05.6, real=0:00:06.0, peak res=1196.9M, current mem=1187.2M)

*** Summary of all messages that are not suppressed in this session:
Severity  ID               Count  Summary                                  
WARNING   IMPLF-58            22  MACRO '%s' has been found in the databas...
WARNING   IMPLF-61             1  %d duplicated MACRO definitions have bee...
WARNING   IMPLF-200           28  Pin '%s' in macro '%s' has no ANTENNAGAT...
WARNING   IMPLF-201           16  Pin '%s' in macro '%s' has no ANTENNADIF...
WARNING   IMPFP-3961           2  The techSite '%s' has no related standar...
WARNING   IMPTS-282           28  Cell '%s' is not a level shifter cell bu...
WARNING   IMPEXT-2766          7  The sheet resistance for layer %s is not...
WARNING   IMPEXT-2773          1  The via resistance between layers %s and...
WARNING   IMPEXT-2776          6  The via resistance between layers %s and...
WARNING   IMPCK-8086           2  The command %s is obsolete and will be r...
WARNING   IMPVL-159          186  Pin '%s' of cell '%s' is defined in LEF ...
WARNING   IMPESI-3505          1  setDelayCalMode -eng_%s (default=%s) wil...
WARNING   IMPOPT-3602          6  The specified path group name %s is not ...
WARNING   IMPTR-2104           2  Layer %s: Pitch=%d is less than min widt...
WARNING   IMPTR-2108           2  For layer M%d, the gaps of %d out of %d ...
WARNING   IMPCTE-107           1  The following globals have been obsolete...
WARNING   IMPTCM-77            1  Option "%s" for command %s is obsolete a...
WARNING   TECHLIB-302         20  No function defined for cell '%s'. The c...
*** Message Summary: 332 warning(s), 0 error(s)

<CMD> win
<CMD> setLayerPreference violation -isVisible 0
<CMD> zoomBox -44.03000 49.27100 1877.76800 1769.69000
<CMD> setLayerPreference node_route -isVisible 0
<CMD> zoomBox 227.46400 392.71600 1407.68900 1449.26900
<CMD> zoomBox 469.10800 696.36000 992.78000 1165.15800
<CMD> zoomBox 523.06200 763.28500 901.41500 1101.99200
<CMD> zoomBox 641.31300 874.35800 762.60500 982.94000
<CMD> zoomBox 662.86700 894.58000 737.35600 961.26400
<CMD> zoomBox 455.98800 700.48700 979.67800 1169.30100
<CMD> zoomBox -1010.66900 -672.20500 2671.02800 2623.70000
<CMD> zoomBox -6683.12200 -5981.24100 9212.51400 8248.74600
<CMD> zoomBox -1547.76900 -2055.69900 4447.26500 3311.13600
<CMD> zoomBox 438.75400 -242.56900 2360.62500 1477.91600
<CMD> zoomBox 688.19300 80.74200 1868.46300 1137.33600
<CMD> zoomBox -412.05200 -799.45500 3269.65700 2496.46000
<CMD> zoomBox -274.59500 -293.24500 2385.44000 2088.05400
<CMD> zoomBox -122.76300 20.92500 1799.11400 1741.41500
<CMD> zoomBox 320.47200 325.04900 1500.74600 1381.64600
<CMD> zoomBox 711.61400 595.58000 1235.30900 1064.39900
<CMD> zoomBox 865.35300 776.01500 1033.23900 926.30900
<CMD> zoomBox 912.52300 832.28700 966.34600 880.47000
<CMD> selectInst FILLER__2_8300
<CMD> zoomBox 896.45500 824.89100 999.56400 917.19600
<CMD> zoomBox 883.54300 818.94700 1026.25600 946.70600
<CMD> zoomBox 854.31000 805.49100 1086.69400 1013.52400
<CMD> zoomBox 602.98200 689.79700 1606.30100 1587.98200
<CMD> zoomBox 192.89700 501.02800 2454.12900 2525.31300
<CMD> zoomBox -270.28900 287.81400 3411.75000 3584.02500
<CMD> fit
<CMD> zoomBox -42.29800 189.64300 1591.23100 1652.00000
<CMD> zoomBox 291.37600 391.95800 1471.60100 1448.51100
<CMD> zoomBox 640.74700 585.79000 1365.55300 1234.64600
<CMD> zoomBox 950.06100 757.40000 1271.66300 1045.30200
<CMD> zoomBox 724.14600 632.06000 1340.23700 1183.59300
<CMD> zoomBox -522.18400 -40.73500 1738.78200 1983.31200
