
Cadence Innovus(TM) Implementation System.
Copyright 2020 Cadence Design Systems, Inc. All rights reserved worldwide.

Version:	v20.10-p004_1, built Thu May 7 20:02:41 PDT 2020
Options:	-log ./log/PD1_20251014_225542.log 
Date:		Tue Oct 14 22:55:44 2025
Host:		ictc-eda-be-9-ldap-1 (x86_64 w/Linux 5.14.0-570.39.1.el9_6.x86_64) (32cores*32cpus*QEMU Virtual CPU version 2.5+ 16384KB)
OS:		Rocky Linux release 9.6 (Blue Onyx)

License:
		invs	Innovus Implementation System	20.1	checkout succeeded
		8 CPU jobs allowed with the current license(s). Use setMultiCpuUsage to set your required CPU count.
**WARN: (IMPOPT-801):	Genus executable not found in PATH. Install Genus, add the path to the genus executable in the PATH variable and rerun Innovus.
Change the soft stacksize limit to 0.2%RAM (320 mbytes). Set global soft_stack_size_limit to change the value.

**INFO:  MMMC transition support version v31-84 

<CMD> set_global _enable_mmmc_by_default_flow      $CTE::mmmc_default
<CMD> suppressMessage ENCEXT-2799
<CMD> win
<CMD> is_common_ui_mode
<CMD> restoreDesign /ictc/student_data/vantruong/final_pj/fn_prj_here/flowspd/pd1/06done15.dat croc_chip
#% Begin load design ... (date=10/14 22:56:28, mem=674.1M)
Set Default Input Pin Transition as 0.1 ps.
Loading design 'croc_chip' saved by 'Innovus' '20.10-p004_1' on 'Mon Sep 15 22:05:02 2025'.
% Begin Load MMMC data ... (date=10/14 22:56:30, mem=676.5M)
% End Load MMMC data ... (date=10/14 22:56:30, total cpu=0:00:00.1, real=0:00:00.0, peak res=677.0M, current mem=677.0M)
default_rc_corner

Loading LEF file /ictc/student_data/vantruong/final_pj/fn_prj_here/flowspd/pd1/06done15.dat/libs/lef/sg13g2_tech.lef ...

Loading LEF file /ictc/student_data/vantruong/final_pj/fn_prj_here/flowspd/pd1/06done15.dat/libs/lef/sg13g2_stdcell_weltap.lef ...
Set DBUPerIGU to M1 pitch 480.

Loading LEF file /ictc/student_data/vantruong/final_pj/fn_prj_here/flowspd/pd1/06done15.dat/libs/lef/RM_IHPSG13_1P_2048x64_c2_bm_bist.lef ...

Loading LEF file /ictc/student_data/vantruong/final_pj/fn_prj_here/flowspd/pd1/06done15.dat/libs/lef/RM_IHPSG13_1P_4096x8_c3_bm_bist.lef ...

Loading LEF file /ictc/student_data/vantruong/final_pj/fn_prj_here/flowspd/pd1/06done15.dat/libs/lef/RM_IHPSG13_1P_4096x16_c3_bm_bist.lef ...

Loading LEF file /ictc/student_data/vantruong/final_pj/fn_prj_here/flowspd/pd1/06done15.dat/libs/lef/RM_IHPSG13_1P_64x64_c2_bm_bist.lef ...

Loading LEF file /ictc/student_data/vantruong/final_pj/fn_prj_here/flowspd/pd1/06done15.dat/libs/lef/RM_IHPSG13_1P_1024x16_c2_bm_bist.lef ...

Loading LEF file /ictc/student_data/vantruong/final_pj/fn_prj_here/flowspd/pd1/06done15.dat/libs/lef/RM_IHPSG13_1P_256x48_c2_bm_bist.lef ...

Loading LEF file /ictc/student_data/vantruong/final_pj/fn_prj_here/flowspd/pd1/06done15.dat/libs/lef/RM_IHPSG13_1P_1024x64_c2_bm_bist.lef ...

Loading LEF file /ictc/student_data/vantruong/final_pj/fn_prj_here/flowspd/pd1/06done15.dat/libs/lef/RM_IHPSG13_1P_1024x8_c2_bm_bist.lef ...

Loading LEF file /ictc/student_data/vantruong/final_pj/fn_prj_here/flowspd/pd1/06done15.dat/libs/lef/RM_IHPSG13_1P_256x64_c2_bm_bist.lef ...

Loading LEF file /ictc/student_data/vantruong/final_pj/fn_prj_here/flowspd/pd1/06done15.dat/libs/lef/RM_IHPSG13_1P_512x64_c2_bm_bist.lef ...

Loading LEF file /ictc/student_data/vantruong/final_pj/fn_prj_here/flowspd/pd1/06done15.dat/libs/lef/sg13g2_io_notracks.lef ...

Loading LEF file /ictc/student_data/vantruong/final_pj/fn_prj_here/flowspd/pd1/06done15.dat/libs/lef/sg13g2_io.lef ...
**WARN: (IMPLF-58):	MACRO 'sg13g2_Corner' has been found in the database. Its content except DENSITY and PIN ANTENNA* data, and certain properties, will be ignored.
Review the LEF files specified in the init_lef_file variable and remove redundant definitions.
Type 'man IMPLF-58' for more detail.
**WARN: (IMPLF-58):	MACRO 'sg13g2_Filler200' has been found in the database. Its content except DENSITY and PIN ANTENNA* data, and certain properties, will be ignored.
Review the LEF files specified in the init_lef_file variable and remove redundant definitions.
Type 'man IMPLF-58' for more detail.
**WARN: (IMPLF-58):	MACRO 'sg13g2_Filler400' has been found in the database. Its content except DENSITY and PIN ANTENNA* data, and certain properties, will be ignored.
Review the LEF files specified in the init_lef_file variable and remove redundant definitions.
Type 'man IMPLF-58' for more detail.
**WARN: (IMPLF-58):	MACRO 'sg13g2_Filler1000' has been found in the database. Its content except DENSITY and PIN ANTENNA* data, and certain properties, will be ignored.
Review the LEF files specified in the init_lef_file variable and remove redundant definitions.
Type 'man IMPLF-58' for more detail.
**WARN: (IMPLF-58):	MACRO 'sg13g2_Filler2000' has been found in the database. Its content except DENSITY and PIN ANTENNA* data, and certain properties, will be ignored.
Review the LEF files specified in the init_lef_file variable and remove redundant definitions.
Type 'man IMPLF-58' for more detail.
**WARN: (IMPLF-58):	MACRO 'sg13g2_Filler4000' has been found in the database. Its content except DENSITY and PIN ANTENNA* data, and certain properties, will be ignored.
Review the LEF files specified in the init_lef_file variable and remove redundant definitions.
Type 'man IMPLF-58' for more detail.
**WARN: (IMPLF-58):	MACRO 'sg13g2_Filler10000' has been found in the database. Its content except DENSITY and PIN ANTENNA* data, and certain properties, will be ignored.
Review the LEF files specified in the init_lef_file variable and remove redundant definitions.
Type 'man IMPLF-58' for more detail.
**WARN: (IMPLF-58):	MACRO 'sg13g2_IOPadIn' has been found in the database. Its content except DENSITY and PIN ANTENNA* data, and certain properties, will be ignored.
Review the LEF files specified in the init_lef_file variable and remove redundant definitions.
Type 'man IMPLF-58' for more detail.
**WARN: (IMPLF-58):	MACRO 'sg13g2_IOPadOut4mA' has been found in the database. Its content except DENSITY and PIN ANTENNA* data, and certain properties, will be ignored.
Review the LEF files specified in the init_lef_file variable and remove redundant definitions.
Type 'man IMPLF-58' for more detail.
**WARN: (IMPLF-58):	MACRO 'sg13g2_IOPadOut16mA' has been found in the database. Its content except DENSITY and PIN ANTENNA* data, and certain properties, will be ignored.
Review the LEF files specified in the init_lef_file variable and remove redundant definitions.
Type 'man IMPLF-58' for more detail.
**WARN: (IMPLF-58):	MACRO 'sg13g2_IOPadOut30mA' has been found in the database. Its content except DENSITY and PIN ANTENNA* data, and certain properties, will be ignored.
Review the LEF files specified in the init_lef_file variable and remove redundant definitions.
Type 'man IMPLF-58' for more detail.
**WARN: (IMPLF-58):	MACRO 'sg13g2_IOPadTriOut4mA' has been found in the database. Its content except DENSITY and PIN ANTENNA* data, and certain properties, will be ignored.
Review the LEF files specified in the init_lef_file variable and remove redundant definitions.
Type 'man IMPLF-58' for more detail.
**WARN: (IMPLF-58):	MACRO 'sg13g2_IOPadTriOut16mA' has been found in the database. Its content except DENSITY and PIN ANTENNA* data, and certain properties, will be ignored.
Review the LEF files specified in the init_lef_file variable and remove redundant definitions.
Type 'man IMPLF-58' for more detail.
**WARN: (IMPLF-58):	MACRO 'sg13g2_IOPadTriOut30mA' has been found in the database. Its content except DENSITY and PIN ANTENNA* data, and certain properties, will be ignored.
Review the LEF files specified in the init_lef_file variable and remove redundant definitions.
Type 'man IMPLF-58' for more detail.
**WARN: (IMPLF-58):	MACRO 'sg13g2_IOPadInOut4mA' has been found in the database. Its content except DENSITY and PIN ANTENNA* data, and certain properties, will be ignored.
Review the LEF files specified in the init_lef_file variable and remove redundant definitions.
Type 'man IMPLF-58' for more detail.
**WARN: (IMPLF-58):	MACRO 'sg13g2_IOPadInOut16mA' has been found in the database. Its content except DENSITY and PIN ANTENNA* data, and certain properties, will be ignored.
Review the LEF files specified in the init_lef_file variable and remove redundant definitions.
Type 'man IMPLF-58' for more detail.
**WARN: (IMPLF-58):	MACRO 'sg13g2_IOPadInOut30mA' has been found in the database. Its content except DENSITY and PIN ANTENNA* data, and certain properties, will be ignored.
Review the LEF files specified in the init_lef_file variable and remove redundant definitions.
Type 'man IMPLF-58' for more detail.
**WARN: (IMPLF-58):	MACRO 'sg13g2_IOPadAnalog' has been found in the database. Its content except DENSITY and PIN ANTENNA* data, and certain properties, will be ignored.
Review the LEF files specified in the init_lef_file variable and remove redundant definitions.
Type 'man IMPLF-58' for more detail.
**WARN: (IMPLF-58):	MACRO 'sg13g2_IOPadIOVss' has been found in the database. Its content except DENSITY and PIN ANTENNA* data, and certain properties, will be ignored.
Review the LEF files specified in the init_lef_file variable and remove redundant definitions.
Type 'man IMPLF-58' for more detail.
**WARN: (IMPLF-58):	MACRO 'sg13g2_IOPadIOVdd' has been found in the database. Its content except DENSITY and PIN ANTENNA* data, and certain properties, will be ignored.
Review the LEF files specified in the init_lef_file variable and remove redundant definitions.
Type 'man IMPLF-58' for more detail.
**WARN: (EMS-27):	Message (IMPLF-58) has exceeded the current message display limit of 20.
To increase the message display limit, refer to the product command reference manual.

Loading LEF file /ictc/student_data/vantruong/final_pj/fn_prj_here/flowspd/pd1/06done15.dat/libs/lef/bondpad_70x70.lef ...
**WARN: (IMPLF-61):	22 duplicated MACRO definitions have been found in the LEF file(s). Their content except DENSITY and PIN ANTENNA* data, and certain properties, have been ignored.
Review the LEF files specified in the init_lef_file variable and remove redundant definitions.
Type 'man IMPLF-61' for more detail.
**WARN: (IMPLF-201):	Pin 'pad' in macro 'sg13g2_IOPadAnalog' has no ANTENNADIFFAREA value defined. The library data is incomplete and some process antenna rules will not be checked correctly.
Type 'man IMPLF-201' for more detail.
**WARN: (IMPLF-200):	Pin 'pad' in macro 'sg13g2_IOPadAnalog' has no ANTENNAGATEAREA value defined. The library data is incomplete and some process antenna rules will not be checked correctly.
Type 'man IMPLF-200' for more detail.
**WARN: (IMPLF-201):	Pin 'padres' in macro 'sg13g2_IOPadAnalog' has no ANTENNADIFFAREA value defined. The library data is incomplete and some process antenna rules will not be checked correctly.
Type 'man IMPLF-201' for more detail.
**WARN: (IMPLF-200):	Pin 'padres' in macro 'sg13g2_IOPadAnalog' has no ANTENNAGATEAREA value defined. The library data is incomplete and some process antenna rules will not be checked correctly.
Type 'man IMPLF-200' for more detail.
**WARN: (IMPLF-200):	Pin 'c2p' in macro 'sg13g2_IOPadInOut30mA' has no ANTENNAGATEAREA value defined. The library data is incomplete and some process antenna rules will not be checked correctly.
Type 'man IMPLF-200' for more detail.
**WARN: (IMPLF-200):	Pin 'c2p_en' in macro 'sg13g2_IOPadInOut30mA' has no ANTENNAGATEAREA value defined. The library data is incomplete and some process antenna rules will not be checked correctly.
Type 'man IMPLF-200' for more detail.
**WARN: (IMPLF-201):	Pin 'p2c' in macro 'sg13g2_IOPadInOut30mA' has no ANTENNADIFFAREA value defined. The library data is incomplete and some process antenna rules will not be checked correctly.
Type 'man IMPLF-201' for more detail.
**WARN: (IMPLF-201):	Pin 'pad' in macro 'sg13g2_IOPadInOut30mA' has no ANTENNADIFFAREA value defined. The library data is incomplete and some process antenna rules will not be checked correctly.
Type 'man IMPLF-201' for more detail.
**WARN: (IMPLF-200):	Pin 'pad' in macro 'sg13g2_IOPadInOut30mA' has no ANTENNAGATEAREA value defined. The library data is incomplete and some process antenna rules will not be checked correctly.
Type 'man IMPLF-200' for more detail.
**WARN: (IMPLF-200):	Pin 'c2p' in macro 'sg13g2_IOPadInOut16mA' has no ANTENNAGATEAREA value defined. The library data is incomplete and some process antenna rules will not be checked correctly.
Type 'man IMPLF-200' for more detail.
**WARN: (IMPLF-200):	Pin 'c2p_en' in macro 'sg13g2_IOPadInOut16mA' has no ANTENNAGATEAREA value defined. The library data is incomplete and some process antenna rules will not be checked correctly.
Type 'man IMPLF-200' for more detail.
**WARN: (IMPLF-201):	Pin 'p2c' in macro 'sg13g2_IOPadInOut16mA' has no ANTENNADIFFAREA value defined. The library data is incomplete and some process antenna rules will not be checked correctly.
Type 'man IMPLF-201' for more detail.
**WARN: (IMPLF-201):	Pin 'pad' in macro 'sg13g2_IOPadInOut16mA' has no ANTENNADIFFAREA value defined. The library data is incomplete and some process antenna rules will not be checked correctly.
Type 'man IMPLF-201' for more detail.
**WARN: (IMPLF-200):	Pin 'pad' in macro 'sg13g2_IOPadInOut16mA' has no ANTENNAGATEAREA value defined. The library data is incomplete and some process antenna rules will not be checked correctly.
Type 'man IMPLF-200' for more detail.
**WARN: (IMPLF-200):	Pin 'c2p' in macro 'sg13g2_IOPadInOut4mA' has no ANTENNAGATEAREA value defined. The library data is incomplete and some process antenna rules will not be checked correctly.
Type 'man IMPLF-200' for more detail.
**WARN: (IMPLF-200):	Pin 'c2p_en' in macro 'sg13g2_IOPadInOut4mA' has no ANTENNAGATEAREA value defined. The library data is incomplete and some process antenna rules will not be checked correctly.
Type 'man IMPLF-200' for more detail.
**WARN: (IMPLF-201):	Pin 'p2c' in macro 'sg13g2_IOPadInOut4mA' has no ANTENNADIFFAREA value defined. The library data is incomplete and some process antenna rules will not be checked correctly.
Type 'man IMPLF-201' for more detail.
**WARN: (IMPLF-201):	Pin 'pad' in macro 'sg13g2_IOPadInOut4mA' has no ANTENNADIFFAREA value defined. The library data is incomplete and some process antenna rules will not be checked correctly.
Type 'man IMPLF-201' for more detail.
**WARN: (IMPLF-200):	Pin 'pad' in macro 'sg13g2_IOPadInOut4mA' has no ANTENNAGATEAREA value defined. The library data is incomplete and some process antenna rules will not be checked correctly.
Type 'man IMPLF-200' for more detail.
**WARN: (IMPLF-200):	Pin 'c2p' in macro 'sg13g2_IOPadTriOut30mA' has no ANTENNAGATEAREA value defined. The library data is incomplete and some process antenna rules will not be checked correctly.
Type 'man IMPLF-200' for more detail.
**WARN: (IMPLF-200):	Pin 'c2p_en' in macro 'sg13g2_IOPadTriOut30mA' has no ANTENNAGATEAREA value defined. The library data is incomplete and some process antenna rules will not be checked correctly.
Type 'man IMPLF-200' for more detail.
**WARN: (IMPLF-201):	Pin 'pad' in macro 'sg13g2_IOPadTriOut30mA' has no ANTENNADIFFAREA value defined. The library data is incomplete and some process antenna rules will not be checked correctly.
Type 'man IMPLF-201' for more detail.
**WARN: (IMPLF-200):	Pin 'pad' in macro 'sg13g2_IOPadTriOut30mA' has no ANTENNAGATEAREA value defined. The library data is incomplete and some process antenna rules will not be checked correctly.
Type 'man IMPLF-200' for more detail.
**WARN: (IMPLF-200):	Pin 'c2p' in macro 'sg13g2_IOPadTriOut16mA' has no ANTENNAGATEAREA value defined. The library data is incomplete and some process antenna rules will not be checked correctly.
Type 'man IMPLF-200' for more detail.
**WARN: (IMPLF-200):	Pin 'c2p_en' in macro 'sg13g2_IOPadTriOut16mA' has no ANTENNAGATEAREA value defined. The library data is incomplete and some process antenna rules will not be checked correctly.
Type 'man IMPLF-200' for more detail.
**WARN: (IMPLF-201):	Pin 'pad' in macro 'sg13g2_IOPadTriOut16mA' has no ANTENNADIFFAREA value defined. The library data is incomplete and some process antenna rules will not be checked correctly.
Type 'man IMPLF-201' for more detail.
**WARN: (IMPLF-200):	Pin 'pad' in macro 'sg13g2_IOPadTriOut16mA' has no ANTENNAGATEAREA value defined. The library data is incomplete and some process antenna rules will not be checked correctly.
Type 'man IMPLF-200' for more detail.
**WARN: (IMPLF-200):	Pin 'c2p' in macro 'sg13g2_IOPadTriOut4mA' has no ANTENNAGATEAREA value defined. The library data is incomplete and some process antenna rules will not be checked correctly.
Type 'man IMPLF-200' for more detail.
**WARN: (IMPLF-200):	Pin 'c2p_en' in macro 'sg13g2_IOPadTriOut4mA' has no ANTENNAGATEAREA value defined. The library data is incomplete and some process antenna rules will not be checked correctly.
Type 'man IMPLF-200' for more detail.
**WARN: (IMPLF-201):	Pin 'pad' in macro 'sg13g2_IOPadTriOut4mA' has no ANTENNADIFFAREA value defined. The library data is incomplete and some process antenna rules will not be checked correctly.
Type 'man IMPLF-201' for more detail.
**WARN: (IMPLF-200):	Pin 'pad' in macro 'sg13g2_IOPadTriOut4mA' has no ANTENNAGATEAREA value defined. The library data is incomplete and some process antenna rules will not be checked correctly.
Type 'man IMPLF-200' for more detail.
**WARN: (EMS-27):	Message (IMPLF-200) has exceeded the current message display limit of 20.
To increase the message display limit, refer to the product command reference manual.
**WARN: (IMPLF-201):	Pin 'pad' in macro 'sg13g2_IOPadOut30mA' has no ANTENNADIFFAREA value defined. The library data is incomplete and some process antenna rules will not be checked correctly.
Type 'man IMPLF-201' for more detail.
**WARN: (IMPLF-201):	Pin 'pad' in macro 'sg13g2_IOPadOut16mA' has no ANTENNADIFFAREA value defined. The library data is incomplete and some process antenna rules will not be checked correctly.
Type 'man IMPLF-201' for more detail.
**WARN: (IMPLF-201):	Pin 'pad' in macro 'sg13g2_IOPadOut4mA' has no ANTENNADIFFAREA value defined. The library data is incomplete and some process antenna rules will not be checked correctly.
Type 'man IMPLF-201' for more detail.
**WARN: (IMPLF-201):	Pin 'p2c' in macro 'sg13g2_IOPadIn' has no ANTENNADIFFAREA value defined. The library data is incomplete and some process antenna rules will not be checked correctly.
Type 'man IMPLF-201' for more detail.
**WARN: (IMPLF-201):	Pin 'pad' in macro 'sg13g2_IOPadIn' has no ANTENNADIFFAREA value defined. The library data is incomplete and some process antenna rules will not be checked correctly.
Type 'man IMPLF-201' for more detail.

viaInitial starts at Tue Oct 14 22:56:31 2025
viaInitial ends at Tue Oct 14 22:56:31 2025

##  Check design process and node:  
##  Both design process and tech node are not set.

Loading view definition file from /ictc/student_data/vantruong/final_pj/fn_prj_here/flowspd/pd1/06done15.dat/viewDefinition.tcl
Reading sky130_wc timing library '/ictc/student_data/vantruong/final_pj/fn_prj_here/data/user_setting/backup/sg13g2_stdcell_slow_1p08V_125C.lib' ...
Read 78 cells in library 'sg13g2_stdcell_slow_1p08V_125C' 
Reading sky130_wc timing library '/ictc/student_data/vantruong/final_pj/fn_prj_here/data/user_setting/backup/sg13g2_io_slow_1p35V_3p0V_125C.lib' ...
Read 14 cells in library 'sg13g2_io_slow_1p35V_3p0V_125C' 
Reading sky130_wc timing library '/ictc/student_data/vantruong/final_pj/fn_prj_here/data/user_setting/backup/sg13g2_io_slow_1p08V_3p0V_125C.lib' ...
Read 14 cells in library 'sg13g2_io_slow_1p08V_3p0V_125C' 
Reading sky130_wc timing library '/ictc/student_data/vantruong/final_pj/fn_prj_here/data/user_setting/backup/RM_IHPSG13_1P_1024x64_c2_bm_bist_slow_1p08V_125C.lib' ...
**WARN: (TECHLIB-302):	No function defined for cell 'RM_IHPSG13_1P_1024x64_c2_bm_bist'. The cell will only be used for analysis. (File /ictc/student_data/vantruong/final_pj/fn_prj_here/data/user_setting/backup/RM_IHPSG13_1P_1024x64_c2_bm_bist_slow_1p08V_125C.lib)
Read 1 cells in library 'RM_IHPSG13_1P_1024x64_c2_bm_bist_slow_1p08V_125C' 
Reading sky130_wc timing library '/ictc/student_data/vantruong/final_pj/fn_prj_here/data/user_setting/backup/RM_IHPSG13_1P_2048x64_c2_bm_bist_slow_1p08V_125C.lib' ...
**WARN: (TECHLIB-302):	No function defined for cell 'RM_IHPSG13_1P_2048x64_c2_bm_bist'. The cell will only be used for analysis. (File /ictc/student_data/vantruong/final_pj/fn_prj_here/data/user_setting/backup/RM_IHPSG13_1P_2048x64_c2_bm_bist_slow_1p08V_125C.lib)
Read 1 cells in library 'RM_IHPSG13_1P_2048x64_c2_bm_bist_slow_1p08V_125C' 
Reading sky130_wc timing library '/ictc/student_data/vantruong/final_pj/fn_prj_here/data/user_setting/backup/RM_IHPSG13_1P_4096x8_c3_bm_bist_slow_1p08V_125C.lib' ...
**WARN: (TECHLIB-302):	No function defined for cell 'RM_IHPSG13_1P_4096x8_c3_bm_bist'. The cell will only be used for analysis. (File /ictc/student_data/vantruong/final_pj/fn_prj_here/data/user_setting/backup/RM_IHPSG13_1P_4096x8_c3_bm_bist_slow_1p08V_125C.lib)
Read 1 cells in library 'RM_IHPSG13_1P_4096x8_c3_bm_bist_slow_1p08V_125C' 
Reading sky130_wc timing library '/ictc/student_data/vantruong/final_pj/fn_prj_here/data/user_setting/backup/RM_IHPSG13_1P_1024x16_c2_bm_bist_slow_1p08V_125C.lib' ...
**WARN: (TECHLIB-302):	No function defined for cell 'RM_IHPSG13_1P_1024x16_c2_bm_bist'. The cell will only be used for analysis. (File /ictc/student_data/vantruong/final_pj/fn_prj_here/data/user_setting/backup/RM_IHPSG13_1P_1024x16_c2_bm_bist_slow_1p08V_125C.lib)
Read 1 cells in library 'RM_IHPSG13_1P_1024x16_c2_bm_bist_slow_1p08V_125C' 
Reading sky130_wc timing library '/ictc/student_data/vantruong/final_pj/fn_prj_here/data/user_setting/backup/RM_IHPSG13_1P_256x48_c2_bm_bist_slow_1p08V_125C.lib' ...
**WARN: (TECHLIB-302):	No function defined for cell 'RM_IHPSG13_1P_256x48_c2_bm_bist'. The cell will only be used for analysis. (File /ictc/student_data/vantruong/final_pj/fn_prj_here/data/user_setting/backup/RM_IHPSG13_1P_256x48_c2_bm_bist_slow_1p08V_125C.lib)
Read 1 cells in library 'RM_IHPSG13_1P_256x48_c2_bm_bist_slow_1p08V_125C' 
Reading sky130_wc timing library '/ictc/student_data/vantruong/final_pj/fn_prj_here/data/user_setting/backup/RM_IHPSG13_1P_512x64_c2_bm_bist_slow_1p08V_125C.lib' ...
**WARN: (TECHLIB-302):	No function defined for cell 'RM_IHPSG13_1P_512x64_c2_bm_bist'. The cell will only be used for analysis. (File /ictc/student_data/vantruong/final_pj/fn_prj_here/data/user_setting/backup/RM_IHPSG13_1P_512x64_c2_bm_bist_slow_1p08V_125C.lib)
Read 1 cells in library 'RM_IHPSG13_1P_512x64_c2_bm_bist_slow_1p08V_125C' 
Reading sky130_wc timing library '/ictc/student_data/vantruong/final_pj/fn_prj_here/data/user_setting/backup/RM_IHPSG13_1P_256x64_c2_bm_bist_slow_1p08V_125C.lib' ...
**WARN: (TECHLIB-302):	No function defined for cell 'RM_IHPSG13_1P_256x64_c2_bm_bist'. The cell will only be used for analysis. (File /ictc/student_data/vantruong/final_pj/fn_prj_here/data/user_setting/backup/RM_IHPSG13_1P_256x64_c2_bm_bist_slow_1p08V_125C.lib)
Read 1 cells in library 'RM_IHPSG13_1P_256x64_c2_bm_bist_slow_1p08V_125C' 
Reading sky130_wc timing library '/ictc/student_data/vantruong/final_pj/fn_prj_here/data/user_setting/backup/RM_IHPSG13_1P_1024x8_c2_bm_bist_slow_1p08V_125C.lib' ...
**WARN: (TECHLIB-302):	No function defined for cell 'RM_IHPSG13_1P_1024x8_c2_bm_bist'. The cell will only be used for analysis. (File /ictc/student_data/vantruong/final_pj/fn_prj_here/data/user_setting/backup/RM_IHPSG13_1P_1024x8_c2_bm_bist_slow_1p08V_125C.lib)
Read 1 cells in library 'RM_IHPSG13_1P_1024x8_c2_bm_bist_slow_1p08V_125C' 
Reading sky130_wc timing library '/ictc/student_data/vantruong/final_pj/fn_prj_here/data/user_setting/backup/RM_IHPSG13_1P_4096x16_c3_bm_bist_slow_1p08V_125C.lib' ...
**WARN: (TECHLIB-302):	No function defined for cell 'RM_IHPSG13_1P_4096x16_c3_bm_bist'. The cell will only be used for analysis. (File /ictc/student_data/vantruong/final_pj/fn_prj_here/data/user_setting/backup/RM_IHPSG13_1P_4096x16_c3_bm_bist_slow_1p08V_125C.lib)
Read 1 cells in library 'RM_IHPSG13_1P_4096x16_c3_bm_bist_slow_1p08V_125C' 
Reading sky130_wc timing library '/ictc/student_data/vantruong/final_pj/fn_prj_here/data/user_setting/backup/RM_IHPSG13_1P_64x64_c2_bm_bist_slow_1p08V_125C.lib' ...
**WARN: (TECHLIB-302):	No function defined for cell 'RM_IHPSG13_1P_64x64_c2_bm_bist'. The cell will only be used for analysis. (File /ictc/student_data/vantruong/final_pj/fn_prj_here/data/user_setting/backup/RM_IHPSG13_1P_64x64_c2_bm_bist_slow_1p08V_125C.lib)
Read 1 cells in library 'RM_IHPSG13_1P_64x64_c2_bm_bist_slow_1p08V_125C' 
Reading sky130_bc timing library '/ictc/student_data/vantruong/final_pj/fn_prj_here/data/user_setting/backup/sg13g2_stdcell_fast_1p32V_m40C.lib' ...
Read 78 cells in library 'sg13g2_stdcell_fast_1p32V_m40C' 
Reading sky130_bc timing library '/ictc/student_data/vantruong/final_pj/fn_prj_here/data/user_setting/backup/sg13g2_io_fast_1p32V_3p6V_m40C.lib' ...
Read 14 cells in library 'sg13g2_io_fast_1p32V_3p6V_m40C' 
Reading sky130_bc timing library '/ictc/student_data/vantruong/final_pj/fn_prj_here/data/user_setting/backup/sg13g2_io_fast_1p65V_3p6V_m40C.lib' ...
Read 14 cells in library 'sg13g2_io_fast_1p65V_3p6V_m40C' 
Reading sky130_bc timing library '/ictc/student_data/vantruong/final_pj/fn_prj_here/data/user_setting/backup/RM_IHPSG13_1P_2048x64_c2_bm_bist_fast_1p32V_m55C.lib' ...
**WARN: (TECHLIB-302):	No function defined for cell 'RM_IHPSG13_1P_2048x64_c2_bm_bist'. The cell will only be used for analysis. (File /ictc/student_data/vantruong/final_pj/fn_prj_here/data/user_setting/backup/RM_IHPSG13_1P_2048x64_c2_bm_bist_fast_1p32V_m55C.lib)
Read 1 cells in library 'RM_IHPSG13_1P_2048x64_c2_bm_bist_fast_1p32V_m55C' 
Reading sky130_bc timing library '/ictc/student_data/vantruong/final_pj/fn_prj_here/data/user_setting/backup/RM_IHPSG13_1P_4096x16_c3_bm_bist_fast_1p32V_m55C.lib' ...
**WARN: (TECHLIB-302):	No function defined for cell 'RM_IHPSG13_1P_4096x16_c3_bm_bist'. The cell will only be used for analysis. (File /ictc/student_data/vantruong/final_pj/fn_prj_here/data/user_setting/backup/RM_IHPSG13_1P_4096x16_c3_bm_bist_fast_1p32V_m55C.lib)
Read 1 cells in library 'RM_IHPSG13_1P_4096x16_c3_bm_bist_fast_1p32V_m55C' 
Reading sky130_bc timing library '/ictc/student_data/vantruong/final_pj/fn_prj_here/data/user_setting/backup/RM_IHPSG13_1P_64x64_c2_bm_bist_fast_1p32V_m55C.lib' ...
**WARN: (TECHLIB-302):	No function defined for cell 'RM_IHPSG13_1P_64x64_c2_bm_bist'. The cell will only be used for analysis. (File /ictc/student_data/vantruong/final_pj/fn_prj_here/data/user_setting/backup/RM_IHPSG13_1P_64x64_c2_bm_bist_fast_1p32V_m55C.lib)
Read 1 cells in library 'RM_IHPSG13_1P_64x64_c2_bm_bist_fast_1p32V_m55C' 
Reading sky130_bc timing library '/ictc/student_data/vantruong/final_pj/fn_prj_here/data/user_setting/backup/RM_IHPSG13_1P_1024x8_c2_bm_bist_fast_1p32V_m55C.lib' ...
**WARN: (TECHLIB-302):	No function defined for cell 'RM_IHPSG13_1P_1024x8_c2_bm_bist'. The cell will only be used for analysis. (File /ictc/student_data/vantruong/final_pj/fn_prj_here/data/user_setting/backup/RM_IHPSG13_1P_1024x8_c2_bm_bist_fast_1p32V_m55C.lib)
Read 1 cells in library 'RM_IHPSG13_1P_1024x8_c2_bm_bist_fast_1p32V_m55C' 
Reading sky130_bc timing library '/ictc/student_data/vantruong/final_pj/fn_prj_here/data/user_setting/backup/RM_IHPSG13_1P_256x64_c2_bm_bist_fast_1p32V_m55C.lib' ...
**WARN: (TECHLIB-302):	No function defined for cell 'RM_IHPSG13_1P_256x64_c2_bm_bist'. The cell will only be used for analysis. (File /ictc/student_data/vantruong/final_pj/fn_prj_here/data/user_setting/backup/RM_IHPSG13_1P_256x64_c2_bm_bist_fast_1p32V_m55C.lib)
Read 1 cells in library 'RM_IHPSG13_1P_256x64_c2_bm_bist_fast_1p32V_m55C' 
Reading sky130_bc timing library '/ictc/student_data/vantruong/final_pj/fn_prj_here/data/user_setting/backup/RM_IHPSG13_1P_256x48_c2_bm_bist_fast_1p32V_m55C.lib' ...
**WARN: (TECHLIB-302):	No function defined for cell 'RM_IHPSG13_1P_256x48_c2_bm_bist'. The cell will only be used for analysis. (File /ictc/student_data/vantruong/final_pj/fn_prj_here/data/user_setting/backup/RM_IHPSG13_1P_256x48_c2_bm_bist_fast_1p32V_m55C.lib)
Read 1 cells in library 'RM_IHPSG13_1P_256x48_c2_bm_bist_fast_1p32V_m55C' 
Reading sky130_bc timing library '/ictc/student_data/vantruong/final_pj/fn_prj_here/data/user_setting/backup/RM_IHPSG13_1P_1024x64_c2_bm_bist_fast_1p32V_m55C.lib' ...
**WARN: (TECHLIB-302):	No function defined for cell 'RM_IHPSG13_1P_1024x64_c2_bm_bist'. The cell will only be used for analysis. (File /ictc/student_data/vantruong/final_pj/fn_prj_here/data/user_setting/backup/RM_IHPSG13_1P_1024x64_c2_bm_bist_fast_1p32V_m55C.lib)
Read 1 cells in library 'RM_IHPSG13_1P_1024x64_c2_bm_bist_fast_1p32V_m55C' 
Reading sky130_bc timing library '/ictc/student_data/vantruong/final_pj/fn_prj_here/data/user_setting/backup/RM_IHPSG13_1P_4096x8_c3_bm_bist_fast_1p32V_m55C.lib' ...
**WARN: (TECHLIB-302):	No function defined for cell 'RM_IHPSG13_1P_4096x8_c3_bm_bist'. The cell will only be used for analysis. (File /ictc/student_data/vantruong/final_pj/fn_prj_here/data/user_setting/backup/RM_IHPSG13_1P_4096x8_c3_bm_bist_fast_1p32V_m55C.lib)
Read 1 cells in library 'RM_IHPSG13_1P_4096x8_c3_bm_bist_fast_1p32V_m55C' 
Reading sky130_bc timing library '/ictc/student_data/vantruong/final_pj/fn_prj_here/data/user_setting/backup/RM_IHPSG13_1P_1024x16_c2_bm_bist_fast_1p32V_m55C.lib' ...
**WARN: (TECHLIB-302):	No function defined for cell 'RM_IHPSG13_1P_1024x16_c2_bm_bist'. The cell will only be used for analysis. (File /ictc/student_data/vantruong/final_pj/fn_prj_here/data/user_setting/backup/RM_IHPSG13_1P_1024x16_c2_bm_bist_fast_1p32V_m55C.lib)
Read 1 cells in library 'RM_IHPSG13_1P_1024x16_c2_bm_bist_fast_1p32V_m55C' 
Reading sky130_bc timing library '/ictc/student_data/vantruong/final_pj/fn_prj_here/data/user_setting/backup/RM_IHPSG13_1P_512x64_c2_bm_bist_fast_1p32V_m55C.lib' ...
**WARN: (TECHLIB-302):	No function defined for cell 'RM_IHPSG13_1P_512x64_c2_bm_bist'. The cell will only be used for analysis. (File /ictc/student_data/vantruong/final_pj/fn_prj_here/data/user_setting/backup/RM_IHPSG13_1P_512x64_c2_bm_bist_fast_1p32V_m55C.lib)
Read 1 cells in library 'RM_IHPSG13_1P_512x64_c2_bm_bist_fast_1p32V_m55C' 
*** End library_loading (cpu=0.07min, real=0.05min, mem=38.4M, fe_cpu=0.69min, fe_real=0.83min, fe_mem=722.1M) ***
% Begin Load netlist data ... (date=10/14 22:56:34, mem=697.6M)
*** Begin netlist parsing (mem=722.1M) ***
**WARN: (IMPVL-159):	Pin 'VDD' of cell 'sg13g2_xor2_1' is defined in LEF but not in the timing library.
Type 'man IMPVL-159' for more detail.
**WARN: (IMPVL-159):	Pin 'VSS' of cell 'sg13g2_xor2_1' is defined in LEF but not in the timing library.
Type 'man IMPVL-159' for more detail.
**WARN: (IMPVL-159):	Pin 'VDD' of cell 'sg13g2_xnor2_1' is defined in LEF but not in the timing library.
Type 'man IMPVL-159' for more detail.
**WARN: (IMPVL-159):	Pin 'VSS' of cell 'sg13g2_xnor2_1' is defined in LEF but not in the timing library.
Type 'man IMPVL-159' for more detail.
**WARN: (IMPVL-159):	Pin 'VDD' of cell 'sg13g2_tielo' is defined in LEF but not in the timing library.
Type 'man IMPVL-159' for more detail.
**WARN: (IMPVL-159):	Pin 'VSS' of cell 'sg13g2_tielo' is defined in LEF but not in the timing library.
Type 'man IMPVL-159' for more detail.
**WARN: (IMPVL-159):	Pin 'VDD' of cell 'sg13g2_tiehi' is defined in LEF but not in the timing library.
Type 'man IMPVL-159' for more detail.
**WARN: (IMPVL-159):	Pin 'VSS' of cell 'sg13g2_tiehi' is defined in LEF but not in the timing library.
Type 'man IMPVL-159' for more detail.
**WARN: (IMPVL-159):	Pin 'VDD' of cell 'sg13g2_slgcp_1' is defined in LEF but not in the timing library.
Type 'man IMPVL-159' for more detail.
**WARN: (IMPVL-159):	Pin 'VSS' of cell 'sg13g2_slgcp_1' is defined in LEF but not in the timing library.
Type 'man IMPVL-159' for more detail.
**WARN: (IMPVL-159):	Pin 'VDD' of cell 'sg13g2_sighold' is defined in LEF but not in the timing library.
Type 'man IMPVL-159' for more detail.
**WARN: (IMPVL-159):	Pin 'VSS' of cell 'sg13g2_sighold' is defined in LEF but not in the timing library.
Type 'man IMPVL-159' for more detail.
**WARN: (IMPVL-159):	Pin 'VDD' of cell 'sg13g2_sdfbbp_1' is defined in LEF but not in the timing library.
Type 'man IMPVL-159' for more detail.
**WARN: (IMPVL-159):	Pin 'VSS' of cell 'sg13g2_sdfbbp_1' is defined in LEF but not in the timing library.
Type 'man IMPVL-159' for more detail.
**WARN: (IMPVL-159):	Pin 'VDD' of cell 'sg13g2_or4_2' is defined in LEF but not in the timing library.
Type 'man IMPVL-159' for more detail.
**WARN: (IMPVL-159):	Pin 'VSS' of cell 'sg13g2_or4_2' is defined in LEF but not in the timing library.
Type 'man IMPVL-159' for more detail.
**WARN: (IMPVL-159):	Pin 'VDD' of cell 'sg13g2_or4_1' is defined in LEF but not in the timing library.
Type 'man IMPVL-159' for more detail.
**WARN: (IMPVL-159):	Pin 'VSS' of cell 'sg13g2_or4_1' is defined in LEF but not in the timing library.
Type 'man IMPVL-159' for more detail.
**WARN: (IMPVL-159):	Pin 'VDD' of cell 'sg13g2_or3_2' is defined in LEF but not in the timing library.
Type 'man IMPVL-159' for more detail.
**WARN: (IMPVL-159):	Pin 'VSS' of cell 'sg13g2_or3_2' is defined in LEF but not in the timing library.
Type 'man IMPVL-159' for more detail.
**WARN: (EMS-27):	Message (IMPVL-159) has exceeded the current message display limit of 20.
To increase the message display limit, refer to the product command reference manual.
Created 102 new cells from 26 timing libraries.
Reading netlist ...
Backslashed names will retain backslash and a trailing blank character.
Reading verilogBinary netlist '/ictc/student_data/vantruong/final_pj/fn_prj_here/flowspd/pd1/06done15.dat/vbin/croc_chip.v.bin'
Reading binary database version 2 in 1-threaded mode

*** Memory Usage v#1 (Current mem = 743.125M, initial mem = 281.906M) ***
*** End netlist parsing (cpu=0:00:00.3, real=0:00:00.0, mem=743.1M) ***
% End Load netlist data ... (date=10/14 22:56:34, total cpu=0:00:00.3, real=0:00:00.0, peak res=718.4M, current mem=718.4M)
Set top cell to croc_chip.
**WARN: (IMPTS-282):	Cell 'sg13g2_IOPadTriOut4mA' is not a level shifter cell but has 'input_signal_level' and 'output_signal_level' specified on pins, or it has different related_power_pin specified on input and output pins. To mark this cell as level shifter, use 'is_level_shifter' attribute.
Type 'man IMPTS-282' for more detail.
**WARN: (IMPTS-282):	Cell 'sg13g2_IOPadTriOut30mA' is not a level shifter cell but has 'input_signal_level' and 'output_signal_level' specified on pins, or it has different related_power_pin specified on input and output pins. To mark this cell as level shifter, use 'is_level_shifter' attribute.
Type 'man IMPTS-282' for more detail.
**WARN: (IMPTS-282):	Cell 'sg13g2_IOPadTriOut16mA' is not a level shifter cell but has 'input_signal_level' and 'output_signal_level' specified on pins, or it has different related_power_pin specified on input and output pins. To mark this cell as level shifter, use 'is_level_shifter' attribute.
Type 'man IMPTS-282' for more detail.
**WARN: (IMPTS-282):	Cell 'sg13g2_IOPadOut4mA' is not a level shifter cell but has 'input_signal_level' and 'output_signal_level' specified on pins, or it has different related_power_pin specified on input and output pins. To mark this cell as level shifter, use 'is_level_shifter' attribute.
Type 'man IMPTS-282' for more detail.
**WARN: (IMPTS-282):	Cell 'sg13g2_IOPadOut30mA' is not a level shifter cell but has 'input_signal_level' and 'output_signal_level' specified on pins, or it has different related_power_pin specified on input and output pins. To mark this cell as level shifter, use 'is_level_shifter' attribute.
Type 'man IMPTS-282' for more detail.
**WARN: (IMPTS-282):	Cell 'sg13g2_IOPadOut16mA' is not a level shifter cell but has 'input_signal_level' and 'output_signal_level' specified on pins, or it has different related_power_pin specified on input and output pins. To mark this cell as level shifter, use 'is_level_shifter' attribute.
Type 'man IMPTS-282' for more detail.
**WARN: (IMPTS-282):	Cell 'sg13g2_IOPadIn' is not a level shifter cell but has 'input_signal_level' and 'output_signal_level' specified on pins, or it has different related_power_pin specified on input and output pins. To mark this cell as level shifter, use 'is_level_shifter' attribute.
Type 'man IMPTS-282' for more detail.
**WARN: (IMPTS-282):	Cell 'sg13g2_IOPadTriOut4mA' is not a level shifter cell but has 'input_signal_level' and 'output_signal_level' specified on pins, or it has different related_power_pin specified on input and output pins. To mark this cell as level shifter, use 'is_level_shifter' attribute.
Type 'man IMPTS-282' for more detail.
**WARN: (IMPTS-282):	Cell 'sg13g2_IOPadTriOut30mA' is not a level shifter cell but has 'input_signal_level' and 'output_signal_level' specified on pins, or it has different related_power_pin specified on input and output pins. To mark this cell as level shifter, use 'is_level_shifter' attribute.
Type 'man IMPTS-282' for more detail.
**WARN: (IMPTS-282):	Cell 'sg13g2_IOPadTriOut16mA' is not a level shifter cell but has 'input_signal_level' and 'output_signal_level' specified on pins, or it has different related_power_pin specified on input and output pins. To mark this cell as level shifter, use 'is_level_shifter' attribute.
Type 'man IMPTS-282' for more detail.
**WARN: (IMPTS-282):	Cell 'sg13g2_IOPadOut4mA' is not a level shifter cell but has 'input_signal_level' and 'output_signal_level' specified on pins, or it has different related_power_pin specified on input and output pins. To mark this cell as level shifter, use 'is_level_shifter' attribute.
Type 'man IMPTS-282' for more detail.
**WARN: (IMPTS-282):	Cell 'sg13g2_IOPadOut30mA' is not a level shifter cell but has 'input_signal_level' and 'output_signal_level' specified on pins, or it has different related_power_pin specified on input and output pins. To mark this cell as level shifter, use 'is_level_shifter' attribute.
Type 'man IMPTS-282' for more detail.
**WARN: (IMPTS-282):	Cell 'sg13g2_IOPadOut16mA' is not a level shifter cell but has 'input_signal_level' and 'output_signal_level' specified on pins, or it has different related_power_pin specified on input and output pins. To mark this cell as level shifter, use 'is_level_shifter' attribute.
Type 'man IMPTS-282' for more detail.
**WARN: (IMPTS-282):	Cell 'sg13g2_IOPadIn' is not a level shifter cell but has 'input_signal_level' and 'output_signal_level' specified on pins, or it has different related_power_pin specified on input and output pins. To mark this cell as level shifter, use 'is_level_shifter' attribute.
Type 'man IMPTS-282' for more detail.
**WARN: (IMPTS-282):	Cell 'sg13g2_IOPadTriOut4mA' is not a level shifter cell but has 'input_signal_level' and 'output_signal_level' specified on pins, or it has different related_power_pin specified on input and output pins. To mark this cell as level shifter, use 'is_level_shifter' attribute.
Type 'man IMPTS-282' for more detail.
**WARN: (IMPTS-282):	Cell 'sg13g2_IOPadTriOut30mA' is not a level shifter cell but has 'input_signal_level' and 'output_signal_level' specified on pins, or it has different related_power_pin specified on input and output pins. To mark this cell as level shifter, use 'is_level_shifter' attribute.
Type 'man IMPTS-282' for more detail.
**WARN: (IMPTS-282):	Cell 'sg13g2_IOPadTriOut16mA' is not a level shifter cell but has 'input_signal_level' and 'output_signal_level' specified on pins, or it has different related_power_pin specified on input and output pins. To mark this cell as level shifter, use 'is_level_shifter' attribute.
Type 'man IMPTS-282' for more detail.
**WARN: (IMPTS-282):	Cell 'sg13g2_IOPadOut4mA' is not a level shifter cell but has 'input_signal_level' and 'output_signal_level' specified on pins, or it has different related_power_pin specified on input and output pins. To mark this cell as level shifter, use 'is_level_shifter' attribute.
Type 'man IMPTS-282' for more detail.
**WARN: (IMPTS-282):	Cell 'sg13g2_IOPadOut30mA' is not a level shifter cell but has 'input_signal_level' and 'output_signal_level' specified on pins, or it has different related_power_pin specified on input and output pins. To mark this cell as level shifter, use 'is_level_shifter' attribute.
Type 'man IMPTS-282' for more detail.
**WARN: (IMPTS-282):	Cell 'sg13g2_IOPadOut16mA' is not a level shifter cell but has 'input_signal_level' and 'output_signal_level' specified on pins, or it has different related_power_pin specified on input and output pins. To mark this cell as level shifter, use 'is_level_shifter' attribute.
Type 'man IMPTS-282' for more detail.
**WARN: (EMS-27):	Message (IMPTS-282) has exceeded the current message display limit of 20.
To increase the message display limit, refer to the product command reference manual.
Hooked 232 DB cells to tlib cells.
1 empty module found.
Starting recursive module instantiation check.
No recursion found.
Building hierarchical netlist for Cell croc_chip ...
*** Netlist is unique.
** info: there are 329 modules.
** info: there are 44368 stdCell insts.
** info: there are 64 Pad insts.
** info: there are 2 macros.

*** Memory Usage v#1 (Current mem = 798.039M, initial mem = 281.906M) ***
*info: set bottom ioPad orient R0
Initializing I/O assignment ...
Adjusting Core to Bottom to: 168.1800.
**WARN: (IMPFP-3961):	The techSite 'sg13g2_ioSite' has no related standard cells in LEF/OA library. Cannot make calculations for this site type unless standard cell models of this type exist in the LEF/OA library. If the SITE is not used by the library you can ignore this warning or remove the SITE definition from the LEF/OA to avoid this message.
Type 'man IMPFP-3961' for more detail.
Adjust TopMetal1 preferred direction offset from 1.64 to 0.
Generated pitch 2.52 in TopMetal1 is different from 2.28 defined in technology file in preferred direction.
Set Default Net Delay as 1000 ps.
Set Default Net Load as 0.5 pF. 
Set Default Input Pin Transition as 0.1 ps.
Loading preference file /ictc/student_data/vantruong/final_pj/fn_prj_here/flowspd/pd1/06done15.dat/gui.pref.tcl ...
##  Process: 130           (User Set)               
##     Node: (not set)                           

##  Check design process and node:  
##  Design tech node is not set.

Applying the recommended capacitance filtering threshold values for 130nm process node: total_c_th=0, relative_c_th=1 and coupling_c_th=0.4.
	These values will be used by all post-route extraction engines, including TQuantus, IQuantus and Quantus QRC extraction.
	Capacitance filtering mode(-capFilterMode option of the setExtractRCMode) is 'relAndCoup' for all engines.
	The accuracy mode for postRoute effortLevel low extraction will be set to 'standard'.
	Default value for EffortLevel(-effortLevel option of the setExtractRCMode) in postRoute extraction mode is 'low'.
**WARN: (IMPOPT-3602):	The specified path group name reg2reg is not defined.
Type 'man IMPOPT-3602' for more detail.
Effort level <high> specified for reg2reg path_group
**WARN: (IMPOPT-3602):	The specified path group name reg2out is not defined.
Type 'man IMPOPT-3602' for more detail.
Effort level <low> specified for reg2out path_group
**WARN: (IMPOPT-3602):	The specified path group name reg2mem is not defined.
Type 'man IMPOPT-3602' for more detail.
Effort level <high> specified for reg2mem path_group
**WARN: (IMPOPT-3602):	The specified path group name mem2reg is not defined.
Type 'man IMPOPT-3602' for more detail.
Effort level <high> specified for mem2reg path_group
**WARN: (IMPOPT-3602):	The specified path group name in2reg is not defined.
Type 'man IMPOPT-3602' for more detail.
Effort level <low> specified for in2reg path_group
**WARN: (IMPOPT-3602):	The specified path group name in2out is not defined.
Type 'man IMPOPT-3602' for more detail.
Effort level <low> specified for in2out path_group
**WARN: (IMPCK-8086):	The command setCTSMode is obsolete and will be removed in the next release. This command still works in this release, but by the next release you must transition to the CCOpt-based CTS flow.
**WARN: (IMPCK-8086):	The command setCTSMode is obsolete and will be removed in the next release. This command still works in this release, but by the next release you must transition to the CCOpt-based CTS flow.
**WARN: The setCCOptMode/set_ccopt_mode command is obsolete and will be removed in a future release. This command still works in this release, but to avoid this warning and to ensure compatibility with future releases, transition to set_ccopt_property.
**WARN: The setCCOptMode/set_ccopt_mode command is obsolete and will be removed in a future release. This command still works in this release, but to avoid this warning and to ensure compatibility with future releases, transition to set_ccopt_property.
**WARN: The setCCOptMode/set_ccopt_mode command is obsolete and will be removed in a future release. This command still works in this release, but to avoid this warning and to ensure compatibility with future releases, transition to set_ccopt_property.
**WARN: (IMPTCM-77):	Option "-drouteStartIteration" for command setNanoRouteMode is obsolete and will be removed in a future release. The obsolete option still works in this release but to avoid this warning and to ensure compatibility with future releases, remove the obsolete option from your script.
**WARN: The setCCOptMode/set_ccopt_mode command is obsolete and will be removed in a future release. This command still works in this release, but to avoid this warning and to ensure compatibility with future releases, transition to set_ccopt_property.
**WARN: The setCCOptMode/set_ccopt_mode command is obsolete and will be removed in a future release. This command still works in this release, but to avoid this warning and to ensure compatibility with future releases, transition to set_ccopt_property.
**WARN: The setCCOptMode/set_ccopt_mode command is obsolete and will be removed in a future release. This command still works in this release, but to avoid this warning and to ensure compatibility with future releases, transition to set_ccopt_property.
Change floorplan default-technical-site to 'CoreSite'.
*Info: initialize multi-corner CTS.
Total number of combinational cells: 62
Total number of sequential cells: 10
Total number of tristate cells: 6
Total number of level shifter cells: 0
Total number of power gating cells: 0
Total number of isolation cells: 0
Total number of power switch cells: 0
Total number of pulse generator cells: 0
Total number of always on buffers: 0
Total number of retention cells: 0
List of usable buffers: sg13g2_buf_1 sg13g2_buf_16 sg13g2_buf_2 sg13g2_buf_4 sg13g2_buf_8
Total number of usable buffers: 5
List of unusable buffers:
Total number of unusable buffers: 0
List of usable inverters: sg13g2_inv_1 sg13g2_inv_16 sg13g2_inv_2 sg13g2_inv_4 sg13g2_inv_8
Total number of usable inverters: 5
List of unusable inverters:
Total number of unusable inverters: 0
List of identified usable delay cells: sg13g2_dlygate4sd2_1 sg13g2_dlygate4sd1_1 sg13g2_dlygate4sd3_1
Total number of identified usable delay cells: 3
List of identified unusable delay cells:
Total number of identified unusable delay cells: 0
% Begin Load MMMC data ... (date=10/14 22:56:35, mem=951.7M)
% End Load MMMC data ... (date=10/14 22:56:35, total cpu=0:00:00.0, real=0:00:00.0, peak res=951.7M, current mem=951.7M)
Reading floorplan file - /ictc/student_data/vantruong/final_pj/fn_prj_here/flowspd/pd1/06done15.dat/croc_chip.fp.gz (mem = 980.2M).
% Begin Load floorplan data ... (date=10/14 22:56:35, mem=952.2M)
*info: reset 51214 existing net BottomPreferredLayer and AvoidDetour
Deleting old partition specification.
Set FPlanBox to (0 0 1840320 1840020)
**WARN: (IMPFP-3961):	The techSite 'sg13g2_ioSite' has no related standard cells in LEF/OA library. Cannot make calculations for this site type unless standard cell models of this type exist in the LEF/OA library. If the SITE is not used by the library you can ignore this warning or remove the SITE definition from the LEF/OA to avoid this message.
Type 'man IMPFP-3961' for more detail.
Adjust TopMetal1 preferred direction offset from 1.64 to 0.
Generated pitch 2.52 in TopMetal1 is different from 2.28 defined in technology file in preferred direction.
 ... processed partition successfully.
Reading binary special route file /ictc/student_data/vantruong/final_pj/fn_prj_here/flowspd/pd1/06done15.dat/croc_chip.fp.spr.gz (Created by Innovus v20.10-p004_1 on Mon Sep 15 22:04:54 2025, version: 1)
Ending "Read special route file" (total cpu=0:00:00.1, real=0:00:00.0, peak res=956.7M, current mem=956.7M)
There are 64 io inst loaded
There are 244 nets with weight being set
There are 245 nets with bottomPreferredRoutingLayer being set
There are 244 nets with avoidDetour being set
Extracting standard cell pins and blockage ...... 
**WARN: (IMPTR-2104):	Layer M6: Pitch=2280 is less than min width=1640 + min spacing=1640.
**WARN: (IMPTR-2108):	For layer M6, the gaps of 729 out of 729 tracks are narrower than 3.280um (space 1.640 + width 1.640).
Type 'man IMPTR-2108' for more detail.
 As a result, your trialRoute congestion could be incorrect.
Pin and blockage extraction finished
% End Load floorplan data ... (date=10/14 22:56:36, total cpu=0:00:00.2, real=0:00:01.0, peak res=958.5M, current mem=958.5M)
Reading congestion map file /ictc/student_data/vantruong/final_pj/fn_prj_here/flowspd/pd1/06done15.dat/croc_chip.route.congmap.gz ...
% Begin Load SymbolTable ... (date=10/14 22:56:36, mem=958.7M)
Suppress "**WARN ..." messages.
Un-suppress "**WARN ..." messages.
% End Load SymbolTable ... (date=10/14 22:56:36, total cpu=0:00:00.2, real=0:00:00.0, peak res=972.3M, current mem=972.3M)
Loading place ...
% Begin Load placement data ... (date=10/14 22:56:36, mem=972.3M)
Reading placement file - /ictc/student_data/vantruong/final_pj/fn_prj_here/flowspd/pd1/06done15.dat/croc_chip.place.gz.
** Reading stdCellPlacement_binary (Created by Innovus v20.10-p004_1 on Mon Sep 15 22:04:54 2025, version# 2) ...
Read Views for adaptive view pruning ...
Read 0 views from Binary DB for adaptive view pruning
*** Checked 6 GNC rules.
*** applyConnectGlobalNets disabled.
*** Completed restorePlace (cpu=0:00:00.3 real=0:00:00.0 mem=1019.3M) ***
Total net length = 1.815e+06 (9.067e+05 9.085e+05) (ext = 0.000e+00)
% End Load placement data ... (date=10/14 22:56:36, total cpu=0:00:00.3, real=0:00:00.0, peak res=995.3M, current mem=991.8M)
Reading PG file /ictc/student_data/vantruong/final_pj/fn_prj_here/flowspd/pd1/06done15.dat/croc_chip.pg.gz, version#2, (Created by Innovus v20.10-p004_1 on       Mon Sep 15 22:04:54 2025)
*** Completed restorePGFile (cpu=0:00:00.0 real=0:00:01.0 mem=1017.3M) ***
% Begin Load routing data ... (date=10/14 22:56:37, mem=993.6M)
Reading routing file - /ictc/student_data/vantruong/final_pj/fn_prj_here/flowspd/pd1/06done15.dat/croc_chip.route.gz.
Reading Innovus routing data (Created by Innovus v20.10-p004_1 on Mon Sep 15 22:04:54 2025 Format: 20.1) ...
*** Total 49857 nets are successfully restored.
*** Completed restoreRoute (cpu=0:00:01.7 real=0:00:02.0 mem=1079.3M) ***
% End Load routing data ... (date=10/14 22:56:39, total cpu=0:00:01.8, real=0:00:02.0, peak res=1056.3M, current mem=1055.9M)
Loading Drc markers ...
... 5304 markers are loaded ...
... 4066 geometry drc markers are loaded ...
... 16 antenna drc markers are loaded ...
TAT_INFO: restoreCongMap REAL = 0 : CPU = 0 : MEM = 0.
Reading property file /ictc/student_data/vantruong/final_pj/fn_prj_here/flowspd/pd1/06done15.dat/croc_chip.prop
*** Completed restoreProperty (cpu=0:00:00.0 real=0:00:00.0 mem=1088.3M) ***
Reading dirtyarea snapshot file /ictc/student_data/vantruong/final_pj/fn_prj_here/flowspd/pd1/06done15.dat/croc_chip.db.da.gz (Create by Innovus v20.10-p004_1 on Mon Sep 15 22:04:55 2025, version: 4).
Set Default Input Pin Transition as 0.1 ps.
Extraction setup Started 
Initializing multi-corner RC extraction with 1 active RC Corners ...
**WARN: (IMPEXT-2773):	The via resistance between layers M0 and M1 could not be determined from the LEF technology file because the via resistance specification is missing. A default of 4 Ohms will be used as via resistance between these layers.
Type 'man IMPEXT-2773' for more detail.
**WARN: (IMPEXT-2776):	The via resistance between layers M1 and M2 is not defined in the capacitance table file. The via resistance of 20 Ohms defined in the LEF technology file will be used as via resistance between these layers.
Type 'man IMPEXT-2776' for more detail.
**WARN: (IMPEXT-2776):	The via resistance between layers M2 and M3 is not defined in the capacitance table file. The via resistance of 20 Ohms defined in the LEF technology file will be used as via resistance between these layers.
Type 'man IMPEXT-2776' for more detail.
**WARN: (IMPEXT-2776):	The via resistance between layers M3 and M4 is not defined in the capacitance table file. The via resistance of 20 Ohms defined in the LEF technology file will be used as via resistance between these layers.
Type 'man IMPEXT-2776' for more detail.
**WARN: (IMPEXT-2776):	The via resistance between layers M4 and M5 is not defined in the capacitance table file. The via resistance of 20 Ohms defined in the LEF technology file will be used as via resistance between these layers.
Type 'man IMPEXT-2776' for more detail.
**WARN: (IMPEXT-2776):	The via resistance between layers M5 and M6 is not defined in the capacitance table file. The via resistance of 4 Ohms defined in the LEF technology file will be used as via resistance between these layers.
Type 'man IMPEXT-2776' for more detail.
**WARN: (IMPEXT-2776):	The via resistance between layers M6 and M7 is not defined in the capacitance table file. The via resistance of 2.2 Ohms defined in the LEF technology file will be used as via resistance between these layers.
Type 'man IMPEXT-2776' for more detail.
**WARN: (IMPEXT-2766):	The sheet resistance for layer M1 is not defined in the cap table. Therefore, the LEF value 0.135 will be used instead. To avoid this message, update the relevant cap table to include the sheet resistance for the specified layer and read it back in.
**WARN: (IMPEXT-2766):	The sheet resistance for layer M2 is not defined in the cap table. Therefore, the LEF value 0.103 will be used instead. To avoid this message, update the relevant cap table to include the sheet resistance for the specified layer and read it back in.
**WARN: (IMPEXT-2766):	The sheet resistance for layer M3 is not defined in the cap table. Therefore, the LEF value 0.103 will be used instead. To avoid this message, update the relevant cap table to include the sheet resistance for the specified layer and read it back in.
**WARN: (IMPEXT-2766):	The sheet resistance for layer M4 is not defined in the cap table. Therefore, the LEF value 0.103 will be used instead. To avoid this message, update the relevant cap table to include the sheet resistance for the specified layer and read it back in.
**WARN: (IMPEXT-2766):	The sheet resistance for layer M5 is not defined in the cap table. Therefore, the LEF value 0.103 will be used instead. To avoid this message, update the relevant cap table to include the sheet resistance for the specified layer and read it back in.
**WARN: (IMPEXT-2766):	The sheet resistance for layer M6 is not defined in the cap table. Therefore, the LEF value 0.021 will be used instead. To avoid this message, update the relevant cap table to include the sheet resistance for the specified layer and read it back in.
**WARN: (IMPEXT-2766):	The sheet resistance for layer M7 is not defined in the cap table. Therefore, the LEF value 0.0145 will be used instead. To avoid this message, update the relevant cap table to include the sheet resistance for the specified layer and read it back in.
Summary of Active RC-Corners : 
 
 Analysis View: func_view_wc
    RC-Corner Name        : default_rc_corner
    RC-Corner Index       : 0
    RC-Corner Temperature : 25 Celsius
    RC-Corner Cap Table   : ''
    RC-Corner PreRoute Res Factor         : 1
    RC-Corner PreRoute Cap Factor         : 1
    RC-Corner PostRoute Res Factor        : 1 {1 1 1}
    RC-Corner PostRoute Cap Factor        : 1 {1 1 1}
    RC-Corner PostRoute XCap Factor       : 1 {1 1 1}
    RC-Corner PreRoute Clock Res Factor   : 1	[Derived from Cap Table]
    RC-Corner PreRoute Clock Cap Factor   : 1	[Derived from Cap Table]
    RC-Corner PostRoute Clock Cap Factor  : 1 {1 1 1} 	[Derived from postRoute_cap (effortLevel low)]
    RC-Corner PostRoute Clock Res Factor  : 1 {1 1 1} 	[Derived from postRoute_res (effortLevel low)]
 
 Analysis View: func_view_bc
    RC-Corner Name        : default_rc_corner
    RC-Corner Index       : 0
    RC-Corner Temperature : 25 Celsius
    RC-Corner Cap Table   : ''
    RC-Corner PreRoute Res Factor         : 1
    RC-Corner PreRoute Cap Factor         : 1
    RC-Corner PostRoute Res Factor        : 1 {1 1 1}
    RC-Corner PostRoute Cap Factor        : 1 {1 1 1}
    RC-Corner PostRoute XCap Factor       : 1 {1 1 1}
    RC-Corner PreRoute Clock Res Factor   : 1	[Derived from Cap Table]
    RC-Corner PreRoute Clock Cap Factor   : 1	[Derived from Cap Table]
    RC-Corner PostRoute Clock Cap Factor  : 1 {1 1 1} 	[Derived from postRoute_cap (effortLevel low)]
    RC-Corner PostRoute Clock Res Factor  : 1 {1 1 1} 	[Derived from postRoute_res (effortLevel low)]
Initializing multi-corner resistance tables ...
Start generating vias ..
#Skip building auto via since it is not turned on.
Extracting standard cell pins and blockage ...... 
**WARN: (IMPTR-2104):	Layer M6: Pitch=2280 is less than min width=1640 + min spacing=1640.
**WARN: (IMPTR-2108):	For layer M6, the gaps of 729 out of 729 tracks are narrower than 3.280um (space 1.640 + width 1.640).
Type 'man IMPTR-2108' for more detail.
 As a result, your trialRoute congestion could be incorrect.
Pin and blockage extraction finished
Via generation completed.
% Begin Load power constraints ... (date=10/14 22:56:45, mem=1081.5M)
'set_default_switching_activity' finished successfully.
% End Load power constraints ... (date=10/14 22:56:45, total cpu=0:00:00.2, real=0:00:00.0, peak res=1088.2M, current mem=1088.2M)
delay_tc delay_bc delay_wc
% Begin load AAE data ... (date=10/14 22:56:46, mem=1156.6M)
**WARN: (IMPESI-3505):	setDelayCalMode -eng_copyNetPropToNewNet true (default=false) will be obsoleted along with its sgs2set equivalent.  This parameter will continue to be supported in the current release, but will be removed in the next major release of the software.
AAE DB initialization (MEM=1208.67 CPU=0:00:00.5 REAL=0:00:00.0) 
% End load AAE data ... (date=10/14 22:56:47, total cpu=0:00:01.1, real=0:00:02.0, peak res=1171.8M, current mem=1171.8M)
Restoring CCOpt config...
  Extracting original clock gating for clk_sys...
    clock_tree clk_sys contains 4983 sinks and 0 clock gates.
    Extraction for clk_sys complete.
  Extracting original clock gating for clk_sys done.
  Extracting original clock gating for clk_rtc...
    clock_tree clk_rtc contains 1 sinks and 0 clock gates.
    Extraction for clk_rtc complete.
  Extracting original clock gating for clk_rtc done.
  Extracting original clock gating for clk_jtg...
    clock_tree clk_jtg contains 290 sinks and 0 clock gates.
    Extraction for clk_jtg complete.
  Extracting original clock gating for clk_jtg done.
  The skew group clk_jtg/func_mode_ideal_bc was created. It contains 290 sinks and 1 sources.
  The skew group clk_jtg/func_mode_ideal_wc was created. It contains 290 sinks and 1 sources.
  The skew group clk_rtc/func_mode_ideal_bc was created. It contains 1 sinks and 1 sources.
  The skew group clk_rtc/func_mode_ideal_wc was created. It contains 1 sinks and 1 sources.
  The skew group clk_sys/func_mode_ideal_bc was created. It contains 4983 sinks and 1 sources.
  The skew group clk_sys/func_mode_ideal_wc was created. It contains 4983 sinks and 1 sources.
  Added 1 ignore pin (of 1 specified) to skew group 1. Skew group now contains 1 ignore pin.
  Added 1 ignore pin (of 1 specified) to skew group 4. Skew group now contains 1 ignore pin.
  Added 1 ignore pin (of 1 specified) to skew group 7. Skew group now contains 1 ignore pin.
  The skew group clk_jtg/func_mode_ideal_bc was created. It contains 290 sinks and 1 sources.
  The skew group clk_rtc/func_mode_ideal_bc was created. It contains 1 sinks and 1 sources.
  The skew group clk_sys/func_mode_ideal_bc was created. It contains 4983 sinks and 1 sources.
Restoring CCOpt config done.
Total number of combinational cells: 62
Total number of sequential cells: 10
Total number of tristate cells: 6
Total number of level shifter cells: 0
Total number of power gating cells: 0
Total number of isolation cells: 0
Total number of power switch cells: 0
Total number of pulse generator cells: 0
Total number of always on buffers: 0
Total number of retention cells: 0
List of usable buffers: sg13g2_buf_1 sg13g2_buf_2 sg13g2_buf_4 sg13g2_buf_8
Total number of usable buffers: 4
List of unusable buffers: sg13g2_buf_16
Total number of unusable buffers: 1
List of usable inverters: sg13g2_inv_1 sg13g2_inv_2 sg13g2_inv_4 sg13g2_inv_8
Total number of usable inverters: 4
List of unusable inverters: sg13g2_inv_16
Total number of unusable inverters: 1
List of identified usable delay cells: sg13g2_dlygate4sd2_1 sg13g2_dlygate4sd1_1 sg13g2_dlygate4sd3_1
Total number of identified usable delay cells: 3
List of identified unusable delay cells:
Total number of identified unusable delay cells: 0
**WARN: (IMPCTE-107):	The following globals have been obsoleted since version 20.10-p004_1. They will be removed in the next release. 
timing_enable_default_delay_arc
#% End load design ... (date=10/14 22:56:49, total cpu=0:00:17.8, real=0:00:21.0, peak res=1191.5M, current mem=1182.6M)

*** Summary of all messages that are not suppressed in this session:
Severity  ID               Count  Summary                                  
WARNING   IMPLF-58            22  MACRO '%s' has been found in the databas...
WARNING   IMPLF-61             1  %d duplicated MACRO definitions have bee...
WARNING   IMPLF-200           28  Pin '%s' in macro '%s' has no ANTENNAGAT...
WARNING   IMPLF-201           16  Pin '%s' in macro '%s' has no ANTENNADIF...
WARNING   IMPFP-3961           2  The techSite '%s' has no related standar...
WARNING   IMPTS-282           28  Cell '%s' is not a level shifter cell bu...
WARNING   IMPEXT-2766          7  The sheet resistance for layer %s is not...
WARNING   IMPEXT-2773          1  The via resistance between layers %s and...
WARNING   IMPEXT-2776          6  The via resistance between layers %s and...
WARNING   IMPCK-8086           2  The command %s is obsolete and will be r...
WARNING   IMPVL-159          186  Pin '%s' of cell '%s' is defined in LEF ...
WARNING   IMPESI-3505          1  setDelayCalMode -eng_%s (default=%s) wil...
WARNING   IMPOPT-3602          6  The specified path group name %s is not ...
WARNING   IMPTR-2104           2  Layer %s: Pitch=%d is less than min widt...
WARNING   IMPTR-2108           2  For layer M%d, the gaps of %d out of %d ...
WARNING   IMPCTE-107           1  The following globals have been obsolete...
WARNING   IMPTCM-77            1  Option "%s" for command %s is obsolete a...
WARNING   TECHLIB-302         20  No function defined for cell '%s'. The c...
*** Message Summary: 332 warning(s), 0 error(s)

<CMD> win
<CMD> zoomBox 228.40100 95.22100 3994.58200 1677.39800
<CMD> zoomBox 898.06900 315.60100 2105.42600 822.81300
<CMD> zoomBox 1100.54800 368.70300 1555.90500 559.99900
<CMD> zoomBox 1194.40500 392.25200 1340.38400 453.57800
<CMD> setLayerPreference node_layer -isVisible 0
<CMD> zoomBox 1164.64800 384.99500 1366.69500 469.87500
<CMD> zoomBox 1189.90300 392.09800 1313.98500 444.22500
<CMD> zoomBox 1195.93200 393.79400 1301.40200 438.10200
<CMD> zoomBox 1203.85700 397.09500 1280.06000 429.10800
<CMD> zoomBox 1219.00900 403.17700 1239.77500 411.90100
<CMD> zoomBox 1221.77000 404.52800 1234.52300 409.88600
<CMD> uiSetTool ruler
<CMD> zoomBox 1220.67800 404.43500 1235.68400 410.73900
<CMD> zoomBox 1217.88600 404.19700 1238.65500 412.92200
<CMD> zoomBox 1216.10700 404.09600 1240.54200 414.36100
<CMD> zoomBox 1214.01500 403.98600 1242.76200 416.06300
<CMD> zoomBox 1211.55300 403.86900 1245.37400 418.07700
<CMD> zoomBox 1217.96900 404.00000 1238.74000 412.72600
<CMD> zoomBox 1219.44500 404.05800 1237.10300 411.47600
<CMD> zoomBox 1221.76900 404.15300 1234.52800 409.51300
<CMD> zoomBox 1222.76600 404.25900 1233.61300 408.81600
<CMD> zoomBox 1224.33700 404.42700 1232.17400 407.71900
<CMD> zoomBox 1223.61500 404.35000 1232.83500 408.22300
<CMD> zoomBox 1222.76600 404.25900 1233.61300 408.81600
<CMD> zoomBox 1221.76500 404.15200 1234.52900 409.51400
<CMD> zoomBox 1220.58900 404.02600 1235.60600 410.33500
<CMD> zoomBox 1217.33300 402.86600 1238.12200 411.59900
<CMD> zoomBox 1215.26400 402.12800 1239.72200 412.40300
<CMD> checkFPlan
Checking routing tracks.....
Checking other grids.....
Checking FINFET Grid is on Manufacture Grid.....
Checking core/die box is on Grid.....
**WARN: (IMPFP-7238):	CORE's corner: (348.0000000000 , 348.0000000000) is NOT on PlacementGrid,  Please use command getFPlanMode to check current Grid settings, use command setFPlanMode to change which grid to snap to. And use command get_snap_grid_info to get grids' offset and pitch. Command floorplan can be used to fix this issue.
**WARN: (IMPFP-7238):	CORE's corner: (1492.3200000000 , 1492.0200000000) is NOT on PlacementGrid,  Please use command getFPlanMode to check current Grid settings, use command setFPlanMode to change which grid to snap to. And use command get_snap_grid_info to get grids' offset and pitch. Command floorplan can be used to fix this issue.
Checking snap rule ......
Checking Row is on grid......
Checking AreaIO row.....
Checking row out of die ...
Checking routing blockage.....
Checking components.....
**WARN: (IMPFP-10013):	Halo should be created around block i_croc_soc/i_croc/gen_sram_bank_0__i_sram/gen_512x32xBx1_i_cut and snapping rules are not checked since it's width is not multiple of default tech site's width.
**WARN: (IMPFP-10013):	Halo should be created around block i_croc_soc/i_croc/gen_sram_bank_0__i_sram/gen_512x32xBx1_i_cut and snapping rules are not checked since it's height is not multiple of default tech site's height.
**WARN: (IMPFP-10013):	Halo should be created around block i_croc_soc/i_croc/gen_sram_bank_1__i_sram/gen_512x32xBx1_i_cut and snapping rules are not checked since it's width is not multiple of default tech site's width.
**WARN: (IMPFP-10013):	Halo should be created around block i_croc_soc/i_croc/gen_sram_bank_1__i_sram/gen_512x32xBx1_i_cut and snapping rules are not checked since it's height is not multiple of default tech site's height.
Checking IO Pads out of die...
Checking constraints (guide/region/fence).....
Checking groups.....

Checking Preroutes.....
No. of regular pre-routes not on tracks : 0 

*** Summary of all messages that are not suppressed in this session:
Severity  ID               Count  Summary                                  
WARNING   IMPFP-7238           2  CORE's corner: %s is NOT on %s,  Please ...
WARNING   IMPFP-10013          4  Halo should be created around block %s a...
*** Message Summary: 6 warning(s), 0 error(s)

<CMD> checkFPlan -reportUtil
Checking routing tracks.....
Checking other grids.....
Checking FINFET Grid is on Manufacture Grid.....
Checking core/die box is on Grid.....
**WARN: (IMPFP-7238):	CORE's corner: (348.0000000000 , 348.0000000000) is NOT on PlacementGrid,  Please use command getFPlanMode to check current Grid settings, use command setFPlanMode to change which grid to snap to. And use command get_snap_grid_info to get grids' offset and pitch. Command floorplan can be used to fix this issue.
**WARN: (IMPFP-7238):	CORE's corner: (1492.3200000000 , 1492.0200000000) is NOT on PlacementGrid,  Please use command getFPlanMode to check current Grid settings, use command setFPlanMode to change which grid to snap to. And use command get_snap_grid_info to get grids' offset and pitch. Command floorplan can be used to fix this issue.
Checking snap rule ......
Checking Row is on grid......
Checking AreaIO row.....
Checking row out of die ...
Checking routing blockage.....
Checking components.....
**WARN: (IMPFP-10013):	Halo should be created around block i_croc_soc/i_croc/gen_sram_bank_0__i_sram/gen_512x32xBx1_i_cut and snapping rules are not checked since it's width is not multiple of default tech site's width.
**WARN: (IMPFP-10013):	Halo should be created around block i_croc_soc/i_croc/gen_sram_bank_0__i_sram/gen_512x32xBx1_i_cut and snapping rules are not checked since it's height is not multiple of default tech site's height.
**WARN: (IMPFP-10013):	Halo should be created around block i_croc_soc/i_croc/gen_sram_bank_1__i_sram/gen_512x32xBx1_i_cut and snapping rules are not checked since it's width is not multiple of default tech site's width.
**WARN: (IMPFP-10013):	Halo should be created around block i_croc_soc/i_croc/gen_sram_bank_1__i_sram/gen_512x32xBx1_i_cut and snapping rules are not checked since it's height is not multiple of default tech site's height.
Checking IO Pads out of die...
Checking constraints (guide/region/fence).....
Checking groups.....

Checking Preroutes.....
No. of regular pre-routes not on tracks : 0 

Reporting Utilizations.....

Core utilization  = 99.628949
Effective Utilizations
**Info: (IMPSP-307): Design contains fractional 1 cell.
Estimated cell power/ground rail width = 0.590 um
Average module density = 1.000.
Density for the design = 1.000.
       = stdcell_area 586262 sites (1063714 um^2) / alloc_area 586262 sites (1063714 um^2).
Pin Density = 0.2106.
            = total # of pins 151659 / total area 719968.

*** Summary of all messages that are not suppressed in this session:
Severity  ID               Count  Summary                                  
WARNING   IMPFP-7238           2  CORE's corner: %s is NOT on %s,  Please ...
WARNING   IMPFP-10013          4  Halo should be created around block %s a...
*** Message Summary: 6 warning(s), 0 error(s)

