###############################################################
#  Generated by:      Cadence Innovus 20.10-p004_1
#  OS:                Linux x86_64(Host ID ictc-eda-be-9-ldap-1)
#  Generated on:      Mon Sep 15 11:56:02 2025
#  Design:            croc_chip
#  Command:           checkDesign -all > rpt/04_CTS_opt_fn/check_design.rpt
###############################################################

#########################################################
## Total instances with placement violations: 204
#########################################################

## Insts with cell pin/obs geometries having spacing/short vio with pre-wires (204) ##
#########################################################
### 204 Pre-route DRC Violation>
set pchkRtDrcList [list \
	{i_croc_soc/i_croc/ictc_postCTS_setupFE_RC_3498_0} \
	{i_croc_soc/i_croc/ictc_postCTS_setupFE_RC_3497_0} \
	{i_croc_soc/i_croc/ictc_postCTS_setupFE_RC_3426_0} \
	{i_croc_soc/i_croc/ictc_postCTS_setupFE_RC_2167_0} \
	{i_croc_soc/i_croc/ictc_postCTS_setupFE_RC_1914_0} \
	{i_croc_soc/i_croc/ictc_preCTS_FE_RC_15463_0} \
	{i_croc_soc/i_croc/ictc_preCTS_FE_RC_12502_0} \
	{i_croc_soc/i_croc/ictc_preCTS_FE_RC_6507_0} \
	{i_croc_soc/i_croc/ictc_preCTS_FE_RC_5891_0} \
	{i_croc_soc/i_croc/ictc_preCTS_FE_RC_5120_0} \
	{i_croc_soc/i_croc/_3731_} \
	{i_croc_soc/i_croc/_3952_} \
	{i_croc_soc/i_croc/_3984_} \
	{i_croc_soc/i_croc/_4057_} \
	{i_croc_soc/i_croc/_4656_} \
	{i_croc_soc/i_croc/_4675_} \
	{i_croc_soc/i_croc/_4687_} \
	{i_croc_soc/i_croc/_4710_} \
	{i_croc_soc/i_croc/_4775_} \
	{i_croc_soc/i_croc/_5273_} \
	{i_croc_soc/i_croc/_5384_} \
	{i_croc_soc/i_croc/_5494_} \
	{i_croc_soc/i_croc/_5525_} \
	{i_croc_soc/i_croc/_5613_} \
	{i_croc_soc/i_croc/_5702_} \
	{i_croc_soc/i_croc/_5781_} \
	{i_croc_soc/i_croc/_5786_} \
	{i_croc_soc/i_croc/_5827_} \
	{i_croc_soc/i_croc/_5853_} \
	{i_croc_soc/i_croc/_5863_} \
	{i_croc_soc/i_croc/_6006_} \
	{i_croc_soc/i_croc/_6103_} \
	{i_croc_soc/i_croc/_6310_} \
	{i_croc_soc/i_croc/_6398_} \
	{i_croc_soc/i_croc/_6489_} \
	{i_croc_soc/i_croc/_6498_} \
	{i_croc_soc/i_croc/_6510_} \
	{i_croc_soc/i_croc/_7083_} \
	{i_croc_soc/i_croc/gen_sram_bank_0__i_sram/_15_} \
	{i_croc_soc/i_croc/gen_sram_bank_1__i_sram/_15_} \
	{i_croc_soc/i_croc/i_core_wrap/ictc_postCTS_setupFE_RC_3132_0} \
	{i_croc_soc/i_croc/i_core_wrap/ictc_postCTS_setupFE_RC_3090_0} \
	{i_croc_soc/i_croc/i_core_wrap/ictc_postCTS_setupFE_RC_2376_0} \
	{i_croc_soc/i_croc/i_core_wrap/ictc_postCTS_setupFE_RC_1594_0} \
	{i_croc_soc/i_croc/i_core_wrap/ictc_postCTS_setupFE_RC_1502_0} \
	{i_croc_soc/i_croc/i_core_wrap/ictc_postCTS_setupFE_RC_1326_0} \
	{i_croc_soc/i_croc/i_core_wrap/ictc_preCTS_FE_RC_15513_0} \
	{i_croc_soc/i_croc/i_core_wrap/ictc_preCTS_FE_RC_13973_0} \
	{i_croc_soc/i_croc/i_core_wrap/ictc_preCTS_FE_RC_13581_0} \
	{i_croc_soc/i_croc/i_core_wrap/ictc_preCTS_FE_RC_13560_0} \
	{i_croc_soc/i_croc/i_core_wrap/ictc_preCTS_FE_RC_13493_0} \
	{i_croc_soc/i_croc/i_core_wrap/ictc_preCTS_FE_RC_13301_0} \
	{i_croc_soc/i_croc/i_core_wrap/ictc_preCTS_FE_RC_13110_0} \
	{i_croc_soc/i_croc/i_core_wrap/ictc_preCTS_FE_RC_11566_0} \
	{i_croc_soc/i_croc/i_core_wrap/ictc_preCTS_FE_RC_11363_0} \
	{i_croc_soc/i_croc/i_core_wrap/ictc_preCTS_FE_RC_10956_0} \
	{i_croc_soc/i_croc/i_core_wrap/ictc_preCTS_FE_RC_10254_0} \
	{i_croc_soc/i_croc/i_core_wrap/ictc_preCTS_FE_RC_10190_0} \
	{i_croc_soc/i_croc/i_core_wrap/ictc_preCTS_FE_RC_10065_0} \
	{i_croc_soc/i_croc/i_core_wrap/ictc_preCTS_FE_RC_10011_0} \
	{i_croc_soc/i_croc/i_core_wrap/ictc_preCTS_FE_RC_9982_0} \
	{i_croc_soc/i_croc/i_core_wrap/ictc_preCTS_FE_RC_9522_0} \
	{i_croc_soc/i_croc/i_core_wrap/ictc_preCTS_FE_RC_8938_0} \
	{i_croc_soc/i_croc/i_core_wrap/ictc_preCTS_FE_RC_8370_0} \
	{i_croc_soc/i_croc/i_core_wrap/ictc_preCTS_FE_RC_7294_0} \
	{i_croc_soc/i_croc/i_core_wrap/ictc_preCTS_FE_RC_6502_0} \
	{i_croc_soc/i_croc/i_core_wrap/ictc_preCTS_FE_RC_4600_0} \
	{i_croc_soc/i_croc/i_core_wrap/ictc_preCTS_FE_RC_4054_0} \
	{i_croc_soc/i_croc/i_core_wrap/ictc_preCTS_FE_RC_3049_0} \
	{i_croc_soc/i_croc/i_core_wrap/ictc_preCTS_FE_RC_833_0} \
	{i_croc_soc/i_croc/i_core_wrap/ictc_preCTS_FE_RC_624_0} \
	{i_croc_soc/i_croc/i_core_wrap/_5159_} \
	{i_croc_soc/i_croc/i_core_wrap/_5195_} \
	{i_croc_soc/i_croc/i_core_wrap/_5196_} \
	{i_croc_soc/i_croc/i_core_wrap/_5209_} \
	{i_croc_soc/i_croc/i_core_wrap/_5227_} \
	{i_croc_soc/i_croc/i_core_wrap/_5399_} \
	{i_croc_soc/i_croc/i_core_wrap/_5699_} \
	{i_croc_soc/i_croc/i_core_wrap/_5947_} \
	{i_croc_soc/i_croc/i_core_wrap/_6255_} \
	{i_croc_soc/i_croc/i_core_wrap/_7047_} \
	{i_croc_soc/i_croc/i_core_wrap/_7067_} \
	{i_croc_soc/i_croc/i_core_wrap/_7305_} \
	{i_croc_soc/i_croc/i_core_wrap/_7945_} \
	{i_croc_soc/i_croc/i_core_wrap/_8118_} \
	{i_croc_soc/i_croc/i_core_wrap/_8156_} \
	{i_croc_soc/i_croc/i_core_wrap/_8448_} \
	{i_croc_soc/i_croc/i_core_wrap/_8576_} \
	{i_croc_soc/i_croc/i_core_wrap/_8891_} \
	{i_croc_soc/i_croc/i_core_wrap/_9051_} \
	{i_croc_soc/i_croc/i_core_wrap/_9078_} \
	{i_croc_soc/i_croc/i_core_wrap/_9289_} \
	{i_croc_soc/i_croc/i_core_wrap/_9483_} \
	{i_croc_soc/i_croc/i_core_wrap/i_ibex_cs_registers_i/ictc_postCTS_setupFE_RC_3527_0} \
	{i_croc_soc/i_croc/i_core_wrap/i_ibex_cs_registers_i/ictc_postCTS_setupFE_RC_2914_0} \
	{i_croc_soc/i_croc/i_core_wrap/i_ibex_cs_registers_i/ictc_postCTS_setupFE_RC_2759_0} \
	{i_croc_soc/i_croc/i_core_wrap/i_ibex_cs_registers_i/ictc_postCTS_setupFE_RC_1068_0} \
	{i_croc_soc/i_croc/i_core_wrap/i_ibex_cs_registers_i/ictc_preCTS_FE_RC_11553_0} \
	{i_croc_soc/i_croc/i_core_wrap/i_ibex_cs_registers_i/ictc_preCTS_FE_RC_11419_0} \
	{i_croc_soc/i_croc/i_core_wrap/i_ibex_cs_registers_i/ictc_preCTS_FE_RC_9843_0} \
	{i_croc_soc/i_croc/i_core_wrap/i_ibex_cs_registers_i/ictc_preCTS_FE_RC_3062_0} \
	{i_croc_soc/i_croc/i_core_wrap/i_ibex_cs_registers_i/ictc_preCTS_FE_RC_2614_0} \
	{i_croc_soc/i_croc/i_core_wrap/i_ibex_cs_registers_i/_3388_} \
	{i_croc_soc/i_croc/i_core_wrap/i_ibex_cs_registers_i/_3613_} \
	{i_croc_soc/i_croc/i_core_wrap/i_ibex_cs_registers_i/_4465_} \
	{i_croc_soc/i_croc/i_core_wrap/i_ibex_cs_registers_i/_4514_} \
	{i_croc_soc/i_croc/i_core_wrap/i_ibex_cs_registers_i/_4536_} \
	{i_croc_soc/i_croc/i_core_wrap/i_ibex_cs_registers_i/_4624_} \
	{i_croc_soc/i_croc/i_core_wrap/i_ibex_cs_registers_i/_4932_} \
	{i_croc_soc/i_croc/i_core_wrap/i_ibex_cs_registers_i/_4943_} \
	{i_croc_soc/i_croc/i_core_wrap/i_ibex_cs_registers_i/_4944_} \
	{i_croc_soc/i_croc/i_core_wrap/i_ibex_cs_registers_i/_5056_} \
	{i_croc_soc/i_croc/i_core_wrap/i_ibex_cs_registers_i/_5181_} \
	{i_croc_soc/i_croc/i_core_wrap/i_ibex_register_file_i/ictc_postCTS_setupFE_RC_3219_0} \
	{i_croc_soc/i_croc/i_core_wrap/i_ibex_register_file_i/ictc_postCTS_setupFE_RC_2504_0} \
	{i_croc_soc/i_croc/i_core_wrap/i_ibex_register_file_i/ictc_postCTS_setupFE_RC_2222_0} \
	{i_croc_soc/i_croc/i_core_wrap/i_ibex_register_file_i/ictc_postCTS_setupFE_RC_1875_0} \
	{i_croc_soc/i_croc/i_core_wrap/i_ibex_register_file_i/ictc_postCTS_setupFE_RC_1170_0} \
	{i_croc_soc/i_croc/i_core_wrap/i_ibex_register_file_i/ictc_postCTS_setupFE_RC_1056_0} \
	{i_croc_soc/i_croc/i_core_wrap/i_ibex_register_file_i/ictc_postCTS_setupFE_RC_1004_0} \
	{i_croc_soc/i_croc/i_core_wrap/i_ibex_register_file_i/ictc_postCTS_setupFE_RC_48_0} \
	{i_croc_soc/i_croc/i_core_wrap/i_ibex_register_file_i/ictc_preCTS_FE_RC_15236_0} \
	{i_croc_soc/i_croc/i_core_wrap/i_ibex_register_file_i/ictc_preCTS_FE_RC_13721_0} \
	{i_croc_soc/i_croc/i_core_wrap/i_ibex_register_file_i/ictc_preCTS_FE_RC_13415_0} \
	{i_croc_soc/i_croc/i_core_wrap/i_ibex_register_file_i/ictc_preCTS_FE_RC_11510_0} \
	{i_croc_soc/i_croc/i_core_wrap/i_ibex_register_file_i/ictc_preCTS_FE_RC_10277_0} \
	{i_croc_soc/i_croc/i_core_wrap/i_ibex_register_file_i/ictc_preCTS_FE_RC_10233_0} \
	{i_croc_soc/i_croc/i_core_wrap/i_ibex_register_file_i/ictc_preCTS_FE_RC_6402_0} \
	{i_croc_soc/i_croc/i_core_wrap/i_ibex_register_file_i/ictc_preCTS_FE_RC_5364_0} \
	{i_croc_soc/i_croc/i_core_wrap/i_ibex_register_file_i/ictc_preCTS_FE_RC_4306_0} \
	{i_croc_soc/i_croc/i_core_wrap/i_ibex_register_file_i/ictc_preCTS_FE_RC_3466_0} \
	{i_croc_soc/i_croc/i_core_wrap/i_ibex_register_file_i/ictc_preCTS_FE_RC_2454_0} \
	{i_croc_soc/i_croc/i_core_wrap/i_ibex_register_file_i/ictc_preCTS_FE_RC_479_0} \
	{i_croc_soc/i_croc/i_core_wrap/i_ibex_register_file_i/ictc_preCTS_FE_RC_299_0} \
	{i_croc_soc/i_croc/i_core_wrap/i_ibex_register_file_i/_4120_} \
	{i_croc_soc/i_croc/i_core_wrap/i_ibex_register_file_i/_4232_} \
	{i_croc_soc/i_croc/i_core_wrap/i_ibex_register_file_i/_5368_} \
	{i_croc_soc/i_croc/i_core_wrap/i_ibex_register_file_i/_5679_} \
	{i_croc_soc/i_croc/i_core_wrap/i_ibex_register_file_i/_5731_} \
	{i_croc_soc/i_croc/i_dm_top_i_dm_top/ictc_postCTS_setupFE_RC_2628_0} \
	{i_croc_soc/i_croc/i_dm_top_i_dm_top/ictc_postCTS_setupFE_RC_498_0} \
	{i_croc_soc/i_croc/i_dm_top_i_dm_top/ictc_preCTS_FE_RC_12245_0} \
	{i_croc_soc/i_croc/i_dm_top_i_dm_top/ictc_preCTS__5158__dup} \
	{i_croc_soc/i_croc/i_dm_top_i_dm_top/ictc_preCTS_FE_RC_1897_0} \
	{i_croc_soc/i_croc/i_dm_top_i_dm_top/ictc_preCTS_FE_RC_1809_0} \
	{i_croc_soc/i_croc/i_dm_top_i_dm_top/_4990_} \
	{i_croc_soc/i_croc/i_dm_top_i_dm_top/_5189_} \
	{i_croc_soc/i_croc/i_dm_top_i_dm_top/_6368_} \
	{i_croc_soc/i_croc/i_dm_top_i_dm_top/_6732_} \
	{i_croc_soc/i_croc/i_dm_top_i_dm_top/_6965_} \
	{i_croc_soc/i_croc/i_dm_top_i_dm_top/_7599_} \
	{i_croc_soc/i_croc/i_dm_top_i_dm_top/_7807_} \
	{i_croc_soc/i_croc/i_dm_top_i_dm_top/_7848_} \
	{i_croc_soc/i_croc/i_dm_top_i_dm_top/_7849_} \
	{i_croc_soc/i_croc/i_dm_top_i_dm_top/_7850_} \
	{i_croc_soc/i_croc/i_dm_top_i_dm_top/_7867_} \
	{i_croc_soc/i_croc/i_dm_top_i_dm_top/_7871_} \
	{i_croc_soc/i_croc/i_dm_top_i_dm_top/_7991_} \
	{i_croc_soc/i_croc/i_dm_top_i_dm_top/_7995_} \
	{i_croc_soc/i_croc/i_dm_top_i_dm_top/_8155_} \
	{i_croc_soc/i_croc/i_dm_top_i_dm_top/_8291_} \
	{i_croc_soc/i_croc/i_dm_top_i_dm_top/_8348_} \
	{i_croc_soc/i_croc/i_dm_top_i_dm_top/_8367_} \
	{i_croc_soc/i_croc/i_dm_top_i_dm_top/_8415_} \
	{i_croc_soc/i_croc/i_dmi_jtag/_1069_} \
	{i_croc_soc/i_croc/i_dmi_jtag/_1437_} \
	{i_croc_soc/i_croc/i_dmi_jtag/_1506_} \
	{i_croc_soc/i_croc/i_dmi_jtag/_1514_} \
	{i_croc_soc/i_croc/i_dmi_jtag/_1522_} \
	{i_croc_soc/i_croc/i_dmi_jtag/_1705_} \
	{i_croc_soc/i_croc/i_dmi_jtag/_1735_} \
	{i_croc_soc/i_croc/i_dmi_jtag/i_dmi_cdc_i_cdc_req/i_cdc_reset_ctrlr/i_cdc_reset_ctrlr_half_b/_100_} \
	{i_croc_soc/i_croc/i_dmi_jtag/i_dmi_cdc_i_cdc_req/i_cdc_reset_ctrlr/i_cdc_reset_ctrlr_half_b/i_state_transition_cdc_src/_34_} \
	{i_croc_soc/i_croc/i_dmi_jtag/i_dmi_cdc_i_cdc_req/i_cdc_reset_ctrlr/i_cdc_reset_ctrlr_half_b/i_state_transition_cdc_src/_39_} \
	{i_croc_soc/i_croc/i_dmi_jtag/i_dmi_cdc_i_cdc_resp/i_cdc_reset_ctrlr/i_cdc_reset_ctrlr_half_a/i_state_transition_cdc_src/_39_} \
	{i_croc_soc/i_croc/i_gpio/ictc_preCTS_FE_RC_7221_0} \
	{i_croc_soc/i_croc/i_gpio/_1451_} \
	{i_croc_soc/i_croc/i_gpio/_1506_} \
	{i_croc_soc/i_croc/i_gpio/_1567_} \
	{i_croc_soc/i_croc/i_gpio/_1579_} \
	{i_croc_soc/i_croc/i_gpio/_1597_} \
	{i_croc_soc/i_croc/i_gpio/_1603_} \
	{i_croc_soc/i_croc/i_gpio/_1757_} \
	{i_croc_soc/i_croc/i_gpio/_1821_} \
	{i_croc_soc/i_croc/i_gpio/_1889_} \
	{i_croc_soc/i_croc/i_timer/ictc_preCTS_FE_RC_13381_0} \
	{i_croc_soc/i_croc/i_timer/ictc_preCTS_FE_RC_12116_0} \
	{i_croc_soc/i_croc/i_timer/ictc_preCTS_FE_RC_4567_0} \
	{i_croc_soc/i_croc/i_timer/ictc_preCTS_FE_RC_1109_0} \
	{i_croc_soc/i_croc/i_timer/ictc_preCTS_FE_RC_939_0} \
	{i_croc_soc/i_croc/i_timer/ictc_preCTS_FE_RC_902_0} \
	{i_croc_soc/i_croc/i_timer/_1477_} \
	{i_croc_soc/i_croc/i_timer/_2335_} \
	{i_croc_soc/i_croc/i_timer/_2434_} \
	{i_croc_soc/i_croc/i_timer/_2478_} \
	{i_croc_soc/i_croc/i_timer/_2482_} \
	{i_croc_soc/i_croc/i_timer/_2614_} \
	{i_croc_soc/i_croc/i_uart/ictc_preCTS_FE_RC_6976_0_dup} \
	{i_croc_soc/i_croc/i_uart/ictc_preCTS_FE_RC_6944_0} \
	{i_croc_soc/i_croc/i_uart/ictc_preCTS_FE_RC_1542_0} \
	{i_croc_soc/i_croc/i_uart/_05988_} \
	{i_croc_soc/i_croc/i_uart/_07986_} \
	{i_croc_soc/i_croc/i_uart/_08515_} \
	{i_croc_soc/i_croc/i_uart/_09650_} \
	]

## Summary: 
#########################################################
## Number of Placed Instances = 52737
##   of which 8307 are fixed.
## Number of Unplaced Instances = 0
## Placement Density:62.52%(665023/1063714)
## Placement Density (including fixed std cells):63.12%(682285/1080976)
